<?xml version="1.0" encoding="UTF-8"?>
<coverage generated="1501686991279" clover="3.2.0">
  <project timestamp="1501686991279" name="All files">
    <metrics statements="92" coveredstatements="43" conditionals="43" coveredconditionals="4" methods="43" coveredmethods="22" elements="178" coveredelements="69" complexity="0" loc="92" ncloc="92" packages="12" files="22" classes="22">
      <package name="src">
        <metrics statements="10" coveredstatements="0" conditionals="8" coveredconditionals="0" methods="3" coveredmethods="0"/>
        <file name="index.js" path="/Users/dana/webstudy/tech_training/src/index.js">
          <metrics statements="7" coveredstatements="0" conditionals="4" coveredconditionals="0" methods="1" coveredmethods="0"/>
          <line num="1" count="0" type="stmt"/>
          <line num="2" count="0" type="stmt"/>
          <line num="3" count="0" type="stmt"/>
          <line num="4" count="0" type="stmt"/>
          <line num="5" count="0" type="stmt"/>
          <line num="6" count="0" type="cond" truecount="0" falsecount="4"/>
          <line num="8" count="0" type="stmt"/>
        </file>
        <file name="routes.js" path="/Users/dana/webstudy/tech_training/src/routes.js">
          <metrics statements="3" coveredstatements="0" conditionals="4" coveredconditionals="0" methods="2" coveredmethods="0"/>
          <line num="1" count="0" type="stmt"/>
          <line num="5" count="0" type="cond" truecount="0" falsecount="4"/>
          <line num="6" count="0" type="stmt"/>
        </file>
      </package>
      <package name="src.components">
        <metrics statements="9" coveredstatements="9" conditionals="0" coveredconditionals="0" methods="5" coveredmethods="5"/>
        <file name="List.component.js" path="/Users/dana/webstudy/tech_training/src/components/List.component.js">
          <metrics statements="6" coveredstatements="6" conditionals="0" coveredconditionals="0" methods="4" coveredmethods="4"/>
          <line num="4" count="3" type="stmt"/>
          <line num="5" count="5" type="stmt"/>
          <line num="10" count="10" type="stmt"/>
          <line num="14" count="1" type="stmt"/>
          <line num="20" count="1" type="stmt"/>
          <line num="33" count="3" type="stmt"/>
        </file>
        <file name="PropertyTable.component.js" path="/Users/dana/webstudy/tech_training/src/components/PropertyTable.component.js">
          <metrics statements="3" coveredstatements="3" conditionals="0" coveredconditionals="0" methods="1" coveredmethods="1"/>
          <line num="4" count="3" type="stmt"/>
          <line num="5" count="3" type="stmt"/>
          <line num="15" count="3" type="stmt"/>
        </file>
      </package>
      <package name="src.constants">
        <metrics statements="0" coveredstatements="0" conditionals="0" coveredconditionals="0" methods="0" coveredmethods="0"/>
        <file name="cityList.js" path="/Users/dana/webstudy/tech_training/src/constants/cityList.js">
          <metrics statements="0" coveredstatements="0" conditionals="0" coveredconditionals="0" methods="0" coveredmethods="0"/>
        </file>
      </package>
      <package name="src.containers">
        <metrics statements="1" coveredstatements="0" conditionals="4" coveredconditionals="0" methods="1" coveredmethods="0"/>
        <file name="index.js" path="/Users/dana/webstudy/tech_training/src/containers/index.js">
          <metrics statements="1" coveredstatements="0" conditionals="4" coveredconditionals="0" methods="1" coveredmethods="0"/>
          <line num="1" count="0" type="cond" truecount="0" falsecount="4"/>
        </file>
      </package>
      <package name="src.containers.Cities">
        <metrics statements="11" coveredstatements="2" conditionals="8" coveredconditionals="0" methods="6" coveredmethods="1"/>
        <file name="Cities.view.js" path="/Users/dana/webstudy/tech_training/src/containers/Cities/Cities.view.js">
          <metrics statements="2" coveredstatements="2" conditionals="0" coveredconditionals="0" methods="1" coveredmethods="1"/>
          <line num="8" count="1" type="stmt"/>
          <line num="28" count="1" type="stmt"/>
        </file>
        <file name="cities.container.js" path="/Users/dana/webstudy/tech_training/src/containers/Cities/cities.container.js">
          <metrics statements="9" coveredstatements="0" conditionals="8" coveredconditionals="0" methods="5" coveredmethods="0"/>
          <line num="1" count="0" type="cond" truecount="0" falsecount="4"/>
          <line num="2" count="0" type="stmt"/>
          <line num="3" count="0" type="stmt"/>
          <line num="4" count="0" type="stmt"/>
          <line num="5" count="0" type="cond" truecount="0" falsecount="4"/>
          <line num="8" count="0" type="stmt"/>
          <line num="13" count="0" type="stmt"/>
          <line num="15" count="0" type="stmt"/>
          <line num="17" count="0" type="stmt"/>
        </file>
      </package>
      <package name="src.containers.City">
        <metrics statements="11" coveredstatements="3" conditionals="8" coveredconditionals="0" methods="7" coveredmethods="2"/>
        <file name="City.view.js" path="/Users/dana/webstudy/tech_training/src/containers/City/City.view.js">
          <metrics statements="3" coveredstatements="3" conditionals="0" coveredconditionals="0" methods="2" coveredmethods="2"/>
          <line num="8" count="1" type="stmt"/>
          <line num="12" count="1" type="stmt"/>
          <line num="28" count="1" type="stmt"/>
        </file>
        <file name="city.container.js" path="/Users/dana/webstudy/tech_training/src/containers/City/city.container.js">
          <metrics statements="8" coveredstatements="0" conditionals="8" coveredconditionals="0" methods="5" coveredmethods="0"/>
          <line num="1" count="0" type="cond" truecount="0" falsecount="4"/>
          <line num="2" count="0" type="stmt"/>
          <line num="3" count="0" type="stmt"/>
          <line num="4" count="0" type="cond" truecount="0" falsecount="4"/>
          <line num="7" count="0" type="stmt"/>
          <line num="13" count="0" type="stmt"/>
          <line num="15" count="0" type="stmt"/>
          <line num="17" count="0" type="stmt"/>
        </file>
      </package>
      <package name="src.redux.actions">
        <metrics statements="11" coveredstatements="9" conditionals="0" coveredconditionals="0" methods="8" coveredmethods="6"/>
        <file name="cities.actions.js" path="/Users/dana/webstudy/tech_training/src/redux/actions/cities.actions.js">
          <metrics statements="2" coveredstatements="2" conditionals="0" coveredconditionals="0" methods="1" coveredmethods="1"/>
          <line num="3" count="1" type="stmt"/>
          <line num="4" count="1" type="stmt"/>
        </file>
        <file name="city.actions.js" path="/Users/dana/webstudy/tech_training/src/redux/actions/city.actions.js">
          <metrics statements="9" coveredstatements="7" conditionals="0" coveredconditionals="0" methods="7" coveredmethods="5"/>
          <line num="4" count="1" type="stmt"/>
          <line num="5" count="1" type="stmt"/>
          <line num="6" count="1" type="stmt"/>
          <line num="7" count="0" type="stmt"/>
          <line num="11" count="1" type="stmt"/>
          <line num="12" count="1" type="stmt"/>
          <line num="13" count="1" type="stmt"/>
          <line num="14" count="1" type="stmt"/>
          <line num="15" count="0" type="stmt"/>
        </file>
      </package>
      <package name="src.redux.api">
        <metrics statements="6" coveredstatements="5" conditionals="0" coveredconditionals="0" methods="3" coveredmethods="2"/>
        <file name="ForecastAPI.js" path="/Users/dana/webstudy/tech_training/src/redux/api/ForecastAPI.js">
          <metrics statements="6" coveredstatements="5" conditionals="0" coveredconditionals="0" methods="3" coveredmethods="2"/>
          <line num="1" count="1" type="stmt"/>
          <line num="2" count="1" type="stmt"/>
          <line num="3" count="1" type="stmt"/>
          <line num="9" count="1" type="stmt"/>
          <line num="10" count="1" type="stmt"/>
          <line num="11" count="0" type="stmt"/>
        </file>
      </package>
      <package name="src.redux.constants">
        <metrics statements="2" coveredstatements="2" conditionals="0" coveredconditionals="0" methods="0" coveredmethods="0"/>
        <file name="cities.types.js" path="/Users/dana/webstudy/tech_training/src/redux/constants/cities.types.js">
          <metrics statements="1" coveredstatements="1" conditionals="0" coveredconditionals="0" methods="0" coveredmethods="0"/>
          <line num="1" count="2" type="stmt"/>
        </file>
        <file name="city.types.js" path="/Users/dana/webstudy/tech_training/src/redux/constants/city.types.js">
          <metrics statements="1" coveredstatements="1" conditionals="0" coveredconditionals="0" methods="0" coveredmethods="0"/>
          <line num="1" count="2" type="stmt"/>
        </file>
      </package>
      <package name="src.redux.reducers">
        <metrics statements="19" coveredstatements="11" conditionals="11" coveredconditionals="4" methods="8" coveredmethods="6"/>
        <file name="cities.reducer.js" path="/Users/dana/webstudy/tech_training/src/redux/reducers/cities.reducer.js">
          <metrics statements="5" coveredstatements="5" conditionals="3" coveredconditionals="2" methods="3" coveredmethods="3"/>
          <line num="6" count="2" type="cond" truecount="2" falsecount="0"/>
          <line num="7" count="1" type="stmt"/>
          <line num="8" count="1" type="stmt"/>
          <line num="13" count="1" type="stmt"/>
          <line num="15" count="2" type="stmt"/>
        </file>
        <file name="city.reducer.js" path="/Users/dana/webstudy/tech_training/src/redux/reducers/city.reducer.js">
          <metrics statements="7" coveredstatements="5" conditionals="4" coveredconditionals="2" methods="3" coveredmethods="2"/>
          <line num="6" count="2" type="cond" truecount="2" falsecount="1"/>
          <line num="7" count="1" type="stmt"/>
          <line num="8" count="0" type="stmt"/>
          <line num="9" count="1" type="stmt"/>
          <line num="15" count="1" type="stmt"/>
          <line num="17" count="1" type="stmt"/>
          <line num="31" count="0" type="stmt"/>
        </file>
        <file name="index.js" path="/Users/dana/webstudy/tech_training/src/redux/reducers/index.js">
          <metrics statements="6" coveredstatements="0" conditionals="4" coveredconditionals="0" methods="1" coveredmethods="0"/>
          <line num="1" count="0" type="stmt"/>
          <line num="2" count="0" type="stmt"/>
          <line num="3" count="0" type="stmt"/>
          <line num="4" count="0" type="cond" truecount="0" falsecount="4"/>
          <line num="6" count="0" type="stmt"/>
          <line num="9" count="0" type="stmt"/>
        </file>
        <file name="utils.js" path="/Users/dana/webstudy/tech_training/src/redux/reducers/utils.js">
          <metrics statements="1" coveredstatements="1" conditionals="0" coveredconditionals="0" methods="1" coveredmethods="1"/>
          <line num="2" count="2" type="stmt"/>
        </file>
      </package>
      <package name="src.redux.states">
        <metrics statements="2" coveredstatements="2" conditionals="0" coveredconditionals="0" methods="0" coveredmethods="0"/>
        <file name="cities.state.js" path="/Users/dana/webstudy/tech_training/src/redux/states/cities.state.js">
          <metrics statements="1" coveredstatements="1" conditionals="0" coveredconditionals="0" methods="0" coveredmethods="0"/>
          <line num="3" count="1" type="stmt"/>
        </file>
        <file name="city.state.js" path="/Users/dana/webstudy/tech_training/src/redux/states/city.state.js">
          <metrics statements="1" coveredstatements="1" conditionals="0" coveredconditionals="0" methods="0" coveredmethods="0"/>
          <line num="1" count="1" type="stmt"/>
        </file>
      </package>
      <package name="src.redux.store">
        <metrics statements="10" coveredstatements="0" conditionals="4" coveredconditionals="0" methods="2" coveredmethods="0"/>
        <file name="configureStore.js" path="/Users/dana/webstudy/tech_training/src/redux/store/configureStore.js">
          <metrics statements="10" coveredstatements="0" conditionals="4" coveredconditionals="0" methods="2" coveredmethods="0"/>
          <line num="1" count="0" type="stmt"/>
          <line num="2" count="0" type="stmt"/>
          <line num="3" count="0" type="stmt"/>
          <line num="4" count="0" type="stmt"/>
          <line num="5" count="0" type="stmt"/>
          <line num="6" count="0" type="cond" truecount="0" falsecount="4"/>
          <line num="9" count="0" type="stmt"/>
          <line num="12" count="0" type="stmt"/>
          <line num="14" count="0" type="stmt"/>
          <line num="16" count="0" type="stmt"/>
        </file>
      </package>
    </metrics>
  </project>
</coverage>
