{"/Users/dana/webstudy/tech_training/src/index.js": {"path":"/Users/dana/webstudy/tech_training/src/index.js","statementMap":{"0":{"start":{"line":1,"column":13},"end":{"line":1,"column":39}},"1":{"start":{"line":1,"column":52},"end":{"line":1,"column":68}},"2":{"start":{"line":1,"column":83},"end":{"line":1,"column":113}},"3":{"start":{"line":2,"column":16},"end":{"line":2,"column":36}},"4":{"start":{"line":2,"column":54},"end":{"line":2,"column":87}},"5":{"start":{"line":3,"column":18},"end":{"line":3,"column":40}},"6":{"start":{"line":4,"column":24},"end":{"line":4,"column":53}},"7":{"start":{"line":5,"column":22},"end":{"line":5,"column":61}},"8":{"start":{"line":5,"column":85},"end":{"line":5,"column":124}},"9":{"start":{"line":6,"column":14},"end":{"line":6,"column":33}},"10":{"start":{"line":6,"column":49},"end":{"line":6,"column":80}},"11":{"start":{"line":6,"column":119},"end":{"line":6,"column":173}},"12":{"start":{"line":8,"column":12},"end":{"line":8,"column":43}},"13":{"start":{"line":8,"column":44},"end":{"line":16,"column":49}}},"fnMap":{"0":{"name":"_interopRequireDefault","decl":{"start":{"line":6,"column":90},"end":{"line":6,"column":112}},"loc":{"start":{"line":6,"column":118},"end":{"line":6,"column":174}},"line":6}},"branchMap":{"0":{"loc":{"start":{"line":6,"column":126},"end":{"line":6,"column":172}},"type":"cond-expr","locations":[{"start":{"line":6,"column":150},"end":{"line":6,"column":153}},{"start":{"line":6,"column":156},"end":{"line":6,"column":172}}],"line":6},"1":{"loc":{"start":{"line":6,"column":126},"end":{"line":6,"column":147}},"type":"binary-expr","locations":[{"start":{"line":6,"column":126},"end":{"line":6,"column":129}},{"start":{"line":6,"column":133},"end":{"line":6,"column":147}}],"line":6}},"s":{"0":0,"1":0,"2":0,"3":0,"4":0,"5":0,"6":0,"7":0,"8":0,"9":0,"10":0,"11":0,"12":0,"13":0},"f":{"0":0},"b":{"0":[0,0],"1":[0,0]}}
,"/Users/dana/webstudy/tech_training/src/routes.js": {"path":"/Users/dana/webstudy/tech_training/src/routes.js","statementMap":{"0":{"start":{"line":1,"column":13},"end":{"line":1,"column":39}},"1":{"start":{"line":1,"column":39},"end":{"line":5,"column":7}},"2":{"start":{"line":5,"column":20},"end":{"line":5,"column":36}},"3":{"start":{"line":5,"column":51},"end":{"line":5,"column":81}},"4":{"start":{"line":5,"column":101},"end":{"line":5,"column":124}},"5":{"start":{"line":5,"column":143},"end":{"line":5,"column":166}},"6":{"start":{"line":5,"column":205},"end":{"line":5,"column":259}},"7":{"start":{"line":6,"column":4},"end":{"line":9,"column":122}}},"fnMap":{"0":{"name":"_interopRequireDefault","decl":{"start":{"line":5,"column":176},"end":{"line":5,"column":198}},"loc":{"start":{"line":5,"column":204},"end":{"line":5,"column":260}},"line":5},"1":{"name":"router","decl":{"start":{"line":5,"column":269},"end":{"line":5,"column":275}},"loc":{"start":{"line":5,"column":278},"end":{"line":12,"column":1}},"line":5}},"branchMap":{"0":{"loc":{"start":{"line":5,"column":212},"end":{"line":5,"column":258}},"type":"cond-expr","locations":[{"start":{"line":5,"column":236},"end":{"line":5,"column":239}},{"start":{"line":5,"column":242},"end":{"line":5,"column":258}}],"line":5},"1":{"loc":{"start":{"line":5,"column":212},"end":{"line":5,"column":233}},"type":"binary-expr","locations":[{"start":{"line":5,"column":212},"end":{"line":5,"column":215}},{"start":{"line":5,"column":219},"end":{"line":5,"column":233}}],"line":5}},"s":{"0":0,"1":0,"2":0,"3":0,"4":0,"5":0,"6":0,"7":0},"f":{"0":0,"1":0},"b":{"0":[0,0],"1":[0,0]}}
,"/Users/dana/webstudy/tech_training/src/components/List.component.js": {"path":"/Users/dana/webstudy/tech_training/src/components/List.component.js","statementMap":{"0":{"start":{"line":4,"column":13},"end":{"line":31,"column":1}},"1":{"start":{"line":5,"column":4},"end":{"line":30,"column":6}},"2":{"start":{"line":10,"column":24},"end":{"line":25,"column":29}},"3":{"start":{"line":14,"column":81},"end":{"line":14,"column":117}},"4":{"start":{"line":20,"column":55},"end":{"line":20,"column":82}},"5":{"start":{"line":33,"column":0},"end":{"line":36,"column":2}}},"fnMap":{"0":{"name":"(anonymous_0)","decl":{"start":{"line":4,"column":13},"end":{"line":4,"column":14}},"loc":{"start":{"line":4,"column":24},"end":{"line":31,"column":1}},"line":4},"1":{"name":"(anonymous_1)","decl":{"start":{"line":9,"column":40},"end":{"line":9,"column":41}},"loc":{"start":{"line":10,"column":24},"end":{"line":25,"column":29}},"line":10},"2":{"name":"(anonymous_2)","decl":{"start":{"line":14,"column":75},"end":{"line":14,"column":76}},"loc":{"start":{"line":14,"column":81},"end":{"line":14,"column":117}},"line":14},"3":{"name":"(anonymous_3)","decl":{"start":{"line":20,"column":49},"end":{"line":20,"column":50}},"loc":{"start":{"line":20,"column":55},"end":{"line":20,"column":82}},"line":20}},"branchMap":{},"s":{"0":3,"1":5,"2":10,"3":1,"4":1,"5":3},"f":{"0":5,"1":10,"2":1,"3":1},"b":{},"_coverageSchema":"332fd63041d2c1bcb487cc26dd0d5f7d97098a6c","hash":"4132013b42424afa21e69784c1339514b1450bf2"}
,"/Users/dana/webstudy/tech_training/src/components/PropertyTable.component.js": {"path":"/Users/dana/webstudy/tech_training/src/components/PropertyTable.component.js","statementMap":{"0":{"start":{"line":4,"column":22},"end":{"line":13,"column":1}},"1":{"start":{"line":5,"column":4},"end":{"line":11,"column":6}},"2":{"start":{"line":15,"column":0},"end":{"line":21,"column":2}}},"fnMap":{"0":{"name":"(anonymous_0)","decl":{"start":{"line":4,"column":22},"end":{"line":4,"column":23}},"loc":{"start":{"line":4,"column":78},"end":{"line":13,"column":1}},"line":4}},"branchMap":{},"s":{"0":3,"1":3,"2":3},"f":{"0":3},"b":{},"_coverageSchema":"332fd63041d2c1bcb487cc26dd0d5f7d97098a6c","hash":"805ebbe88cbeb79b1596ccbe1f606d557bfd15b4"}
,"/Users/dana/webstudy/tech_training/src/constants/cityList.js": {"path":"/Users/dana/webstudy/tech_training/src/constants/cityList.js","statementMap":{},"fnMap":{},"branchMap":{},"s":{},"f":{},"b":{},"_coverageSchema":"332fd63041d2c1bcb487cc26dd0d5f7d97098a6c","hash":"38061201027c8a37a6f64d8d06977c4c8b7e7581"}
,"/Users/dana/webstudy/tech_training/src/containers/index.js": {"path":"/Users/dana/webstudy/tech_training/src/containers/index.js","statementMap":{"0":{"start":{"line":1,"column":13},"end":{"line":1,"column":39}},"1":{"start":{"line":1,"column":39},"end":{"line":1,"column":99}},"2":{"start":{"line":1,"column":113},"end":{"line":1,"column":149}},"3":{"start":{"line":1,"column":165},"end":{"line":1,"column":196}},"4":{"start":{"line":1,"column":209},"end":{"line":1,"column":241}},"5":{"start":{"line":1,"column":255},"end":{"line":1,"column":284}},"6":{"start":{"line":1,"column":323},"end":{"line":1,"column":377}},"7":{"start":{"line":1,"column":378},"end":{"line":1,"column":421}},"8":{"start":{"line":1,"column":421},"end":{"line":2,"column":31}}},"fnMap":{"0":{"name":"_interopRequireDefault","decl":{"start":{"line":1,"column":294},"end":{"line":1,"column":316}},"loc":{"start":{"line":1,"column":322},"end":{"line":1,"column":378}},"line":1}},"branchMap":{"0":{"loc":{"start":{"line":1,"column":330},"end":{"line":1,"column":376}},"type":"cond-expr","locations":[{"start":{"line":1,"column":354},"end":{"line":1,"column":357}},{"start":{"line":1,"column":360},"end":{"line":1,"column":376}}],"line":1},"1":{"loc":{"start":{"line":1,"column":330},"end":{"line":1,"column":351}},"type":"binary-expr","locations":[{"start":{"line":1,"column":330},"end":{"line":1,"column":333}},{"start":{"line":1,"column":337},"end":{"line":1,"column":351}}],"line":1}},"s":{"0":0,"1":0,"2":0,"3":0,"4":0,"5":0,"6":0,"7":0,"8":0},"f":{"0":0},"b":{"0":[0,0],"1":[0,0]}}
,"/Users/dana/webstudy/tech_training/src/containers/Cities/Cities.view.js": {"path":"/Users/dana/webstudy/tech_training/src/containers/Cities/Cities.view.js","statementMap":{"0":{"start":{"line":8,"column":8},"end":{"line":24,"column":10}},"1":{"start":{"line":28,"column":0},"end":{"line":32,"column":2}}},"fnMap":{"0":{"name":"(anonymous_0)","decl":{"start":{"line":7,"column":4},"end":{"line":7,"column":5}},"loc":{"start":{"line":7,"column":13},"end":{"line":25,"column":5}},"line":7}},"branchMap":{},"s":{"0":1,"1":1},"f":{"0":1},"b":{},"_coverageSchema":"332fd63041d2c1bcb487cc26dd0d5f7d97098a6c","hash":"dc1ab39084fe0be4b0263bb8b8692836d5ec2b24"}
,"/Users/dana/webstudy/tech_training/src/containers/Cities/cities.container.js": {"path":"/Users/dana/webstudy/tech_training/src/containers/Cities/cities.container.js","statementMap":{"0":{"start":{"line":1,"column":13},"end":{"line":1,"column":39}},"1":{"start":{"line":1,"column":54},"end":{"line":1,"column":285}},"2":{"start":{"line":1,"column":90},"end":{"line":1,"column":270}},"3":{"start":{"line":1,"column":147},"end":{"line":1,"column":159}},"4":{"start":{"line":1,"column":160},"end":{"line":1,"column":269}},"5":{"start":{"line":1,"column":185},"end":{"line":1,"column":268}},"6":{"start":{"line":1,"column":241},"end":{"line":1,"column":267}},"7":{"start":{"line":1,"column":270},"end":{"line":1,"column":284}},"8":{"start":{"line":1,"column":304},"end":{"line":1,"column":326}},"9":{"start":{"line":2,"column":13},"end":{"line":2,"column":29}},"10":{"start":{"line":3,"column":18},"end":{"line":3,"column":45}},"11":{"start":{"line":3,"column":65},"end":{"line":3,"column":100}},"12":{"start":{"line":4,"column":14},"end":{"line":4,"column":59}},"13":{"start":{"line":5,"column":24},"end":{"line":5,"column":53}},"14":{"start":{"line":5,"column":92},"end":{"line":5,"column":146}},"15":{"start":{"line":8,"column":4},"end":{"line":10,"column":6}},"16":{"start":{"line":13,"column":25},"end":{"line":17,"column":16}},"17":{"start":{"line":13,"column":64},"end":{"line":17,"column":15}},"18":{"start":{"line":15,"column":48},"end":{"line":15,"column":88}},"19":{"start":{"line":17,"column":17},"end":{"line":22,"column":42}}},"fnMap":{"0":{"name":"(anonymous_0)","decl":{"start":{"line":1,"column":71},"end":{"line":1,"column":72}},"loc":{"start":{"line":1,"column":89},"end":{"line":1,"column":285}},"line":1},"1":{"name":"_interopRequireDefault","decl":{"start":{"line":5,"column":63},"end":{"line":5,"column":85}},"loc":{"start":{"line":5,"column":91},"end":{"line":5,"column":147}},"line":5},"2":{"name":"mapStateToProps","decl":{"start":{"line":7,"column":9},"end":{"line":7,"column":24}},"loc":{"start":{"line":7,"column":32},"end":{"line":11,"column":1}},"line":7},"3":{"name":"mapDispatchToProps","decl":{"start":{"line":13,"column":34},"end":{"line":13,"column":52}},"loc":{"start":{"line":13,"column":63},"end":{"line":17,"column":16}},"line":13},"4":{"name":"changeRoute","decl":{"start":{"line":15,"column":30},"end":{"line":15,"column":41}},"loc":{"start":{"line":15,"column":47},"end":{"line":15,"column":89}},"line":15}},"branchMap":{"0":{"loc":{"start":{"line":1,"column":54},"end":{"line":1,"column":285}},"type":"binary-expr","locations":[{"start":{"line":1,"column":54},"end":{"line":1,"column":67}},{"start":{"line":1,"column":71},"end":{"line":1,"column":285}}],"line":1},"1":{"loc":{"start":{"line":1,"column":185},"end":{"line":1,"column":268}},"type":"if","locations":[{"start":{"line":1,"column":185},"end":{"line":1,"column":268}},{"start":{"line":1,"column":185},"end":{"line":1,"column":268}}],"line":1},"2":{"loc":{"start":{"line":5,"column":99},"end":{"line":5,"column":145}},"type":"cond-expr","locations":[{"start":{"line":5,"column":123},"end":{"line":5,"column":126}},{"start":{"line":5,"column":129},"end":{"line":5,"column":145}}],"line":5},"3":{"loc":{"start":{"line":5,"column":99},"end":{"line":5,"column":120}},"type":"binary-expr","locations":[{"start":{"line":5,"column":99},"end":{"line":5,"column":102}},{"start":{"line":5,"column":106},"end":{"line":5,"column":120}}],"line":5}},"s":{"0":0,"1":0,"2":0,"3":0,"4":0,"5":0,"6":0,"7":0,"8":0,"9":0,"10":0,"11":0,"12":0,"13":0,"14":0,"15":0,"16":0,"17":0,"18":0,"19":0},"f":{"0":0,"1":0,"2":0,"3":0,"4":0},"b":{"0":[0,0],"1":[0,0],"2":[0,0],"3":[0,0]}}
,"/Users/dana/webstudy/tech_training/src/containers/City/City.view.js": {"path":"/Users/dana/webstudy/tech_training/src/containers/City/City.view.js","statementMap":{"0":{"start":{"line":8,"column":8},"end":{"line":8,"column":50}},"1":{"start":{"line":12,"column":8},"end":{"line":24,"column":10}},"2":{"start":{"line":28,"column":0},"end":{"line":32,"column":2}}},"fnMap":{"0":{"name":"(anonymous_0)","decl":{"start":{"line":7,"column":4},"end":{"line":7,"column":5}},"loc":{"start":{"line":7,"column":24},"end":{"line":9,"column":5}},"line":7},"1":{"name":"(anonymous_1)","decl":{"start":{"line":11,"column":4},"end":{"line":11,"column":5}},"loc":{"start":{"line":11,"column":12},"end":{"line":25,"column":5}},"line":11}},"branchMap":{},"s":{"0":1,"1":1,"2":1},"f":{"0":1,"1":1},"b":{},"_coverageSchema":"332fd63041d2c1bcb487cc26dd0d5f7d97098a6c","hash":"df03ae3d085f896ad8c3bc4dfb78e3078ec78b84"}
,"/Users/dana/webstudy/tech_training/src/containers/City/city.container.js": {"path":"/Users/dana/webstudy/tech_training/src/containers/City/city.container.js","statementMap":{"0":{"start":{"line":1,"column":13},"end":{"line":1,"column":39}},"1":{"start":{"line":1,"column":54},"end":{"line":1,"column":285}},"2":{"start":{"line":1,"column":90},"end":{"line":1,"column":270}},"3":{"start":{"line":1,"column":147},"end":{"line":1,"column":159}},"4":{"start":{"line":1,"column":160},"end":{"line":1,"column":269}},"5":{"start":{"line":1,"column":185},"end":{"line":1,"column":268}},"6":{"start":{"line":1,"column":241},"end":{"line":1,"column":267}},"7":{"start":{"line":1,"column":270},"end":{"line":1,"column":284}},"8":{"start":{"line":1,"column":304},"end":{"line":1,"column":326}},"9":{"start":{"line":2,"column":13},"end":{"line":2,"column":29}},"10":{"start":{"line":3,"column":12},"end":{"line":3,"column":34}},"11":{"start":{"line":3,"column":48},"end":{"line":3,"column":77}},"12":{"start":{"line":4,"column":12},"end":{"line":4,"column":55}},"13":{"start":{"line":4,"column":94},"end":{"line":4,"column":148}},"14":{"start":{"line":7,"column":4},"end":{"line":9,"column":40}},"15":{"start":{"line":13,"column":25},"end":{"line":17,"column":16}},"16":{"start":{"line":13,"column":64},"end":{"line":17,"column":15}},"17":{"start":{"line":15,"column":53},"end":{"line":15,"column":91}},"18":{"start":{"line":17,"column":17},"end":{"line":22,"column":36}}},"fnMap":{"0":{"name":"(anonymous_0)","decl":{"start":{"line":1,"column":71},"end":{"line":1,"column":72}},"loc":{"start":{"line":1,"column":89},"end":{"line":1,"column":285}},"line":1},"1":{"name":"_interopRequireDefault","decl":{"start":{"line":4,"column":65},"end":{"line":4,"column":87}},"loc":{"start":{"line":4,"column":93},"end":{"line":4,"column":149}},"line":4},"2":{"name":"mapStateToProps","decl":{"start":{"line":6,"column":9},"end":{"line":6,"column":24}},"loc":{"start":{"line":6,"column":42},"end":{"line":11,"column":1}},"line":6},"3":{"name":"mapDispatchToProps","decl":{"start":{"line":13,"column":34},"end":{"line":13,"column":52}},"loc":{"start":{"line":13,"column":63},"end":{"line":17,"column":16}},"line":13},"4":{"name":"fetchForecast","decl":{"start":{"line":15,"column":32},"end":{"line":15,"column":45}},"loc":{"start":{"line":15,"column":52},"end":{"line":15,"column":92}},"line":15}},"branchMap":{"0":{"loc":{"start":{"line":1,"column":54},"end":{"line":1,"column":285}},"type":"binary-expr","locations":[{"start":{"line":1,"column":54},"end":{"line":1,"column":67}},{"start":{"line":1,"column":71},"end":{"line":1,"column":285}}],"line":1},"1":{"loc":{"start":{"line":1,"column":185},"end":{"line":1,"column":268}},"type":"if","locations":[{"start":{"line":1,"column":185},"end":{"line":1,"column":268}},{"start":{"line":1,"column":185},"end":{"line":1,"column":268}}],"line":1},"2":{"loc":{"start":{"line":4,"column":101},"end":{"line":4,"column":147}},"type":"cond-expr","locations":[{"start":{"line":4,"column":125},"end":{"line":4,"column":128}},{"start":{"line":4,"column":131},"end":{"line":4,"column":147}}],"line":4},"3":{"loc":{"start":{"line":4,"column":101},"end":{"line":4,"column":122}},"type":"binary-expr","locations":[{"start":{"line":4,"column":101},"end":{"line":4,"column":104}},{"start":{"line":4,"column":108},"end":{"line":4,"column":122}}],"line":4}},"s":{"0":0,"1":0,"2":0,"3":0,"4":0,"5":0,"6":0,"7":0,"8":0,"9":0,"10":0,"11":0,"12":0,"13":0,"14":0,"15":0,"16":0,"17":0,"18":0},"f":{"0":0,"1":0,"2":0,"3":0,"4":0},"b":{"0":[0,0],"1":[0,0],"2":[0,0],"3":[0,0]}}
,"/Users/dana/webstudy/tech_training/src/redux/actions/cities.actions.js": {"path":"/Users/dana/webstudy/tech_training/src/redux/actions/cities.actions.js","statementMap":{"0":{"start":{"line":1,"column":21},"end":{"line":3,"column":1}},"1":{"start":{"line":5,"column":23},"end":{"line":7,"column":1}},"2":{"start":{"line":6,"column":29},"end":{"line":6,"column":66}}},"fnMap":{"0":{"name":"(anonymous_0)","decl":{"start":{"line":6,"column":20},"end":{"line":6,"column":21}},"loc":{"start":{"line":6,"column":29},"end":{"line":6,"column":66}},"line":6}},"branchMap":{},"s":{"0":2,"1":2,"2":1},"f":{"0":1},"b":{},"_coverageSchema":"332fd63041d2c1bcb487cc26dd0d5f7d97098a6c","hash":"06dccde1c0f1055f89ca98793eae5fcd5d6200e8"}
,"/Users/dana/webstudy/tech_training/src/redux/actions/city.actions.js": {"path":"/Users/dana/webstudy/tech_training/src/redux/actions/city.actions.js","statementMap":{"0":{"start":{"line":3,"column":21},"end":{"line":7,"column":1}},"1":{"start":{"line":9,"column":23},"end":{"line":13,"column":1}},"2":{"start":{"line":10,"column":33},"end":{"line":10,"column":72}},"3":{"start":{"line":11,"column":41},"end":{"line":11,"column":90}},"4":{"start":{"line":12,"column":35},"end":{"line":12,"column":78}},"5":{"start":{"line":16,"column":4},"end":{"line":21,"column":6}},"6":{"start":{"line":17,"column":8},"end":{"line":17,"column":49}},"7":{"start":{"line":18,"column":8},"end":{"line":20,"column":67}},"8":{"start":{"line":19,"column":12},"end":{"line":19,"column":61}},"9":{"start":{"line":20,"column":23},"end":{"line":20,"column":65}}},"fnMap":{"0":{"name":"(anonymous_0)","decl":{"start":{"line":10,"column":26},"end":{"line":10,"column":27}},"loc":{"start":{"line":10,"column":33},"end":{"line":10,"column":72}},"line":10},"1":{"name":"(anonymous_1)","decl":{"start":{"line":11,"column":26},"end":{"line":11,"column":27}},"loc":{"start":{"line":11,"column":41},"end":{"line":11,"column":90}},"line":11},"2":{"name":"(anonymous_2)","decl":{"start":{"line":12,"column":26},"end":{"line":12,"column":27}},"loc":{"start":{"line":12,"column":35},"end":{"line":12,"column":78}},"line":12},"3":{"name":"fetchForecast","decl":{"start":{"line":15,"column":16},"end":{"line":15,"column":29}},"loc":{"start":{"line":15,"column":36},"end":{"line":22,"column":1}},"line":15},"4":{"name":"(anonymous_4)","decl":{"start":{"line":16,"column":11},"end":{"line":16,"column":12}},"loc":{"start":{"line":16,"column":30},"end":{"line":21,"column":5}},"line":16},"5":{"name":"(anonymous_5)","decl":{"start":{"line":18,"column":56},"end":{"line":18,"column":57}},"loc":{"start":{"line":18,"column":68},"end":{"line":20,"column":9}},"line":18},"6":{"name":"(anonymous_6)","decl":{"start":{"line":20,"column":17},"end":{"line":20,"column":18}},"loc":{"start":{"line":20,"column":23},"end":{"line":20,"column":65}},"line":20}},"branchMap":{},"s":{"0":2,"1":2,"2":1,"3":1,"4":0,"5":1,"6":1,"7":1,"8":1,"9":0},"f":{"0":1,"1":1,"2":0,"3":1,"4":1,"5":1,"6":0},"b":{},"_coverageSchema":"332fd63041d2c1bcb487cc26dd0d5f7d97098a6c","hash":"82d7e663312cd19602a1fade2e2ec00528052f6c"}
,"/Users/dana/webstudy/tech_training/src/redux/api/ForecastAPI.js": {"path":"/Users/dana/webstudy/tech_training/src/redux/api/ForecastAPI.js","statementMap":{"0":{"start":{"line":1,"column":30},"end":{"line":1,"column":39}},"1":{"start":{"line":2,"column":30},"end":{"line":2,"column":54}},"2":{"start":{"line":3,"column":23},"end":{"line":3,"column":57}},"3":{"start":{"line":9,"column":8},"end":{"line":11,"column":35}},"4":{"start":{"line":10,"column":30},"end":{"line":10,"column":45}},"5":{"start":{"line":11,"column":28},"end":{"line":11,"column":33}}},"fnMap":{"0":{"name":"(anonymous_0)","decl":{"start":{"line":8,"column":4},"end":{"line":8,"column":5}},"loc":{"start":{"line":8,"column":35},"end":{"line":12,"column":5}},"line":8},"1":{"name":"(anonymous_1)","decl":{"start":{"line":10,"column":18},"end":{"line":10,"column":19}},"loc":{"start":{"line":10,"column":30},"end":{"line":10,"column":45}},"line":10},"2":{"name":"(anonymous_2)","decl":{"start":{"line":11,"column":19},"end":{"line":11,"column":20}},"loc":{"start":{"line":11,"column":28},"end":{"line":11,"column":33}},"line":11}},"branchMap":{},"s":{"0":2,"1":2,"2":2,"3":1,"4":1,"5":0},"f":{"0":1,"1":1,"2":0},"b":{},"_coverageSchema":"332fd63041d2c1bcb487cc26dd0d5f7d97098a6c","hash":"02821a42a48ec727e22e887cfbd65528e5dfad84"}
,"/Users/dana/webstudy/tech_training/src/redux/reducers/cities.reducer.js": {"path":"/Users/dana/webstudy/tech_training/src/redux/reducers/cities.reducer.js","statementMap":{"0":{"start":{"line":6,"column":4},"end":{"line":9,"column":5}},"1":{"start":{"line":7,"column":37},"end":{"line":7,"column":74}},"2":{"start":{"line":8,"column":17},"end":{"line":8,"column":30}},"3":{"start":{"line":13,"column":4},"end":{"line":16,"column":6}},"4":{"start":{"line":15,"column":47},"end":{"line":15,"column":62}}},"fnMap":{"0":{"name":"reducer","decl":{"start":{"line":5,"column":24},"end":{"line":5,"column":31}},"loc":{"start":{"line":5,"column":62},"end":{"line":10,"column":1}},"line":5},"1":{"name":"deleteListItem","decl":{"start":{"line":12,"column":9},"end":{"line":12,"column":23}},"loc":{"start":{"line":12,"column":50},"end":{"line":17,"column":1}},"line":12},"2":{"name":"(anonymous_2)","decl":{"start":{"line":15,"column":34},"end":{"line":15,"column":35}},"loc":{"start":{"line":15,"column":47},"end":{"line":15,"column":62}},"line":15}},"branchMap":{"0":{"loc":{"start":{"line":5,"column":32},"end":{"line":5,"column":52}},"type":"default-arg","locations":[{"start":{"line":5,"column":40},"end":{"line":5,"column":52}}],"line":5},"1":{"loc":{"start":{"line":6,"column":4},"end":{"line":9,"column":5}},"type":"switch","locations":[{"start":{"line":7,"column":8},"end":{"line":7,"column":74}},{"start":{"line":8,"column":8},"end":{"line":8,"column":30}}],"line":6}},"s":{"0":2,"1":1,"2":1,"3":1,"4":2},"f":{"0":2,"1":1,"2":2},"b":{"0":[0],"1":[1,1]},"_coverageSchema":"332fd63041d2c1bcb487cc26dd0d5f7d97098a6c","hash":"22e543a52da34971f5468753e52b26bae84f5e34"}
,"/Users/dana/webstudy/tech_training/src/redux/reducers/city.reducer.js": {"path":"/Users/dana/webstudy/tech_training/src/redux/reducers/city.reducer.js","statementMap":{"0":{"start":{"line":6,"column":4},"end":{"line":9,"column":5}},"1":{"start":{"line":7,"column":43},"end":{"line":7,"column":86}},"2":{"start":{"line":8,"column":17},"end":{"line":8,"column":30}},"3":{"start":{"line":14,"column":78},"end":{"line":14,"column":84}},"4":{"start":{"line":16,"column":4},"end":{"line":25,"column":6}}},"fnMap":{"0":{"name":"reducer","decl":{"start":{"line":5,"column":24},"end":{"line":5,"column":31}},"loc":{"start":{"line":5,"column":61},"end":{"line":10,"column":1}},"line":5},"1":{"name":"fetchForecastSuccess","decl":{"start":{"line":12,"column":9},"end":{"line":12,"column":29}},"loc":{"start":{"line":12,"column":45},"end":{"line":26,"column":1}},"line":12}},"branchMap":{"0":{"loc":{"start":{"line":5,"column":32},"end":{"line":5,"column":52}},"type":"default-arg","locations":[{"start":{"line":5,"column":40},"end":{"line":5,"column":52}}],"line":5},"1":{"loc":{"start":{"line":6,"column":4},"end":{"line":9,"column":5}},"type":"switch","locations":[{"start":{"line":7,"column":8},"end":{"line":7,"column":86}},{"start":{"line":8,"column":8},"end":{"line":8,"column":30}}],"line":6}},"s":{"0":2,"1":1,"2":1,"3":1,"4":1},"f":{"0":2,"1":1},"b":{"0":[0],"1":[1,1]},"_coverageSchema":"332fd63041d2c1bcb487cc26dd0d5f7d97098a6c","hash":"73c86f293b3b7d49b3c192a7129f4e36552a8fb7"}
,"/Users/dana/webstudy/tech_training/src/redux/reducers/index.js": {"path":"/Users/dana/webstudy/tech_training/src/redux/reducers/index.js","statementMap":{"0":{"start":{"line":1,"column":13},"end":{"line":1,"column":39}},"1":{"start":{"line":1,"column":52},"end":{"line":1,"column":68}},"2":{"start":{"line":2,"column":24},"end":{"line":2,"column":53}},"3":{"start":{"line":3,"column":14},"end":{"line":3,"column":41}},"4":{"start":{"line":3,"column":57},"end":{"line":3,"column":88}},"5":{"start":{"line":4,"column":12},"end":{"line":4,"column":37}},"6":{"start":{"line":4,"column":51},"end":{"line":4,"column":80}},"7":{"start":{"line":4,"column":119},"end":{"line":4,"column":173}},"8":{"start":{"line":6,"column":23},"end":{"line":9,"column":46}},"9":{"start":{"line":9,"column":47},"end":{"line":12,"column":17}}},"fnMap":{"0":{"name":"_interopRequireDefault","decl":{"start":{"line":4,"column":90},"end":{"line":4,"column":112}},"loc":{"start":{"line":4,"column":118},"end":{"line":4,"column":174}},"line":4}},"branchMap":{"0":{"loc":{"start":{"line":4,"column":126},"end":{"line":4,"column":172}},"type":"cond-expr","locations":[{"start":{"line":4,"column":150},"end":{"line":4,"column":153}},{"start":{"line":4,"column":156},"end":{"line":4,"column":172}}],"line":4},"1":{"loc":{"start":{"line":4,"column":126},"end":{"line":4,"column":147}},"type":"binary-expr","locations":[{"start":{"line":4,"column":126},"end":{"line":4,"column":129}},{"start":{"line":4,"column":133},"end":{"line":4,"column":147}}],"line":4}},"s":{"0":0,"1":0,"2":0,"3":0,"4":0,"5":0,"6":0,"7":0,"8":0,"9":0},"f":{"0":0},"b":{"0":[0,0],"1":[0,0]}}
,"/Users/dana/webstudy/tech_training/src/redux/reducers/utils.js": {"path":"/Users/dana/webstudy/tech_training/src/redux/reducers/utils.js","statementMap":{"0":{"start":{"line":2,"column":4},"end":{"line":6,"column":6}}},"fnMap":{"0":{"name":"assignNewState","decl":{"start":{"line":1,"column":16},"end":{"line":1,"column":30}},"loc":{"start":{"line":1,"column":48},"end":{"line":7,"column":1}},"line":1}},"branchMap":{},"s":{"0":2},"f":{"0":2},"b":{},"_coverageSchema":"332fd63041d2c1bcb487cc26dd0d5f7d97098a6c","hash":"c8504eb24ee29d2dc0f74559c69f1e9dcd15ffcc"}
,"/Users/dana/webstudy/tech_training/src/redux/states/cities.state.js": {"path":"/Users/dana/webstudy/tech_training/src/redux/states/cities.state.js","statementMap":{"0":{"start":{"line":3,"column":28},"end":{"line":5,"column":1}}},"fnMap":{},"branchMap":{},"s":{"0":1},"f":{},"b":{},"_coverageSchema":"332fd63041d2c1bcb487cc26dd0d5f7d97098a6c","hash":"39549f1921c055f94e75c3ce18d4ebcbbcb38add"}
,"/Users/dana/webstudy/tech_training/src/redux/states/city.state.js": {"path":"/Users/dana/webstudy/tech_training/src/redux/states/city.state.js","statementMap":{"0":{"start":{"line":1,"column":28},"end":{"line":3,"column":1}}},"fnMap":{},"branchMap":{},"s":{"0":1},"f":{},"b":{},"_coverageSchema":"332fd63041d2c1bcb487cc26dd0d5f7d97098a6c","hash":"a809e5a9cf49ea909fd50b02e39e32328a134e42"}
,"/Users/dana/webstudy/tech_training/src/redux/store/configureStore.js": {"path":"/Users/dana/webstudy/tech_training/src/redux/store/configureStore.js","statementMap":{"0":{"start":{"line":1,"column":13},"end":{"line":1,"column":39}},"1":{"start":{"line":1,"column":39},"end":{"line":1,"column":67}},"2":{"start":{"line":1,"column":80},"end":{"line":1,"column":96}},"3":{"start":{"line":2,"column":28},"end":{"line":2,"column":67}},"4":{"start":{"line":2,"column":97},"end":{"line":2,"column":142}},"5":{"start":{"line":3,"column":24},"end":{"line":3,"column":53}},"6":{"start":{"line":4,"column":19},"end":{"line":4,"column":42}},"7":{"start":{"line":4,"column":63},"end":{"line":4,"column":99}},"8":{"start":{"line":5,"column":18},"end":{"line":5,"column":40}},"9":{"start":{"line":5,"column":60},"end":{"line":5,"column":95}},"10":{"start":{"line":6,"column":16},"end":{"line":6,"column":38}},"11":{"start":{"line":6,"column":56},"end":{"line":6,"column":89}},"12":{"start":{"line":6,"column":128},"end":{"line":6,"column":182}},"13":{"start":{"line":9,"column":14},"end":{"line":9,"column":69}},"14":{"start":{"line":12,"column":13},"end":{"line":12,"column":61}},"15":{"start":{"line":14,"column":32},"end":{"line":14,"column":146}},"16":{"start":{"line":16,"column":21},"end":{"line":16,"column":128}},"17":{"start":{"line":16,"column":60},"end":{"line":16,"column":127}},"18":{"start":{"line":16,"column":129},"end":{"line":18,"column":15}}},"fnMap":{"0":{"name":"_interopRequireDefault","decl":{"start":{"line":6,"column":99},"end":{"line":6,"column":121}},"loc":{"start":{"line":6,"column":127},"end":{"line":6,"column":183}},"line":6},"1":{"name":"configureStore","decl":{"start":{"line":16,"column":30},"end":{"line":16,"column":44}},"loc":{"start":{"line":16,"column":59},"end":{"line":16,"column":128}},"line":16}},"branchMap":{"0":{"loc":{"start":{"line":6,"column":135},"end":{"line":6,"column":181}},"type":"cond-expr","locations":[{"start":{"line":6,"column":159},"end":{"line":6,"column":162}},{"start":{"line":6,"column":165},"end":{"line":6,"column":181}}],"line":6},"1":{"loc":{"start":{"line":6,"column":135},"end":{"line":6,"column":156}},"type":"binary-expr","locations":[{"start":{"line":6,"column":135},"end":{"line":6,"column":138}},{"start":{"line":6,"column":142},"end":{"line":6,"column":156}}],"line":6}},"s":{"0":0,"1":0,"2":0,"3":0,"4":0,"5":0,"6":0,"7":0,"8":0,"9":0,"10":0,"11":0,"12":0,"13":0,"14":0,"15":0,"16":0,"17":0,"18":0},"f":{"0":0,"1":0},"b":{"0":[0,0],"1":[0,0]}}
}
