{"/Users/dana/webstudy/tech_training/src/index.js": {"path":"/Users/dana/webstudy/tech_training/src/index.js","statementMap":{"0":{"start":{"line":1,"column":13},"end":{"line":1,"column":39}},"1":{"start":{"line":1,"column":52},"end":{"line":1,"column":68}},"2":{"start":{"line":1,"column":83},"end":{"line":1,"column":113}},"3":{"start":{"line":2,"column":16},"end":{"line":2,"column":36}},"4":{"start":{"line":2,"column":54},"end":{"line":2,"column":87}},"5":{"start":{"line":3,"column":18},"end":{"line":3,"column":40}},"6":{"start":{"line":4,"column":24},"end":{"line":4,"column":53}},"7":{"start":{"line":5,"column":22},"end":{"line":5,"column":61}},"8":{"start":{"line":5,"column":85},"end":{"line":5,"column":124}},"9":{"start":{"line":6,"column":14},"end":{"line":6,"column":33}},"10":{"start":{"line":6,"column":49},"end":{"line":6,"column":80}},"11":{"start":{"line":6,"column":119},"end":{"line":6,"column":173}},"12":{"start":{"line":8,"column":12},"end":{"line":8,"column":43}},"13":{"start":{"line":8,"column":44},"end":{"line":16,"column":49}}},"fnMap":{"0":{"name":"_interopRequireDefault","decl":{"start":{"line":6,"column":90},"end":{"line":6,"column":112}},"loc":{"start":{"line":6,"column":118},"end":{"line":6,"column":174}},"line":6}},"branchMap":{"0":{"loc":{"start":{"line":6,"column":126},"end":{"line":6,"column":172}},"type":"cond-expr","locations":[{"start":{"line":6,"column":150},"end":{"line":6,"column":153}},{"start":{"line":6,"column":156},"end":{"line":6,"column":172}}],"line":6},"1":{"loc":{"start":{"line":6,"column":126},"end":{"line":6,"column":147}},"type":"binary-expr","locations":[{"start":{"line":6,"column":126},"end":{"line":6,"column":129}},{"start":{"line":6,"column":133},"end":{"line":6,"column":147}}],"line":6}},"s":{"0":0,"1":0,"2":0,"3":0,"4":0,"5":0,"6":0,"7":0,"8":0,"9":0,"10":0,"11":0,"12":0,"13":0},"f":{"0":0},"b":{"0":[0,0],"1":[0,0]}}
,"/Users/dana/webstudy/tech_training/src/routes.js": {"path":"/Users/dana/webstudy/tech_training/src/routes.js","statementMap":{"0":{"start":{"line":1,"column":13},"end":{"line":1,"column":39}},"1":{"start":{"line":1,"column":39},"end":{"line":5,"column":7}},"2":{"start":{"line":5,"column":20},"end":{"line":5,"column":36}},"3":{"start":{"line":5,"column":51},"end":{"line":5,"column":81}},"4":{"start":{"line":5,"column":101},"end":{"line":5,"column":124}},"5":{"start":{"line":5,"column":143},"end":{"line":5,"column":166}},"6":{"start":{"line":5,"column":205},"end":{"line":5,"column":259}},"7":{"start":{"line":6,"column":4},"end":{"line":9,"column":122}}},"fnMap":{"0":{"name":"_interopRequireDefault","decl":{"start":{"line":5,"column":176},"end":{"line":5,"column":198}},"loc":{"start":{"line":5,"column":204},"end":{"line":5,"column":260}},"line":5},"1":{"name":"router","decl":{"start":{"line":5,"column":269},"end":{"line":5,"column":275}},"loc":{"start":{"line":5,"column":278},"end":{"line":12,"column":1}},"line":5}},"branchMap":{"0":{"loc":{"start":{"line":5,"column":212},"end":{"line":5,"column":258}},"type":"cond-expr","locations":[{"start":{"line":5,"column":236},"end":{"line":5,"column":239}},{"start":{"line":5,"column":242},"end":{"line":5,"column":258}}],"line":5},"1":{"loc":{"start":{"line":5,"column":212},"end":{"line":5,"column":233}},"type":"binary-expr","locations":[{"start":{"line":5,"column":212},"end":{"line":5,"column":215}},{"start":{"line":5,"column":219},"end":{"line":5,"column":233}}],"line":5}},"s":{"0":0,"1":0,"2":0,"3":0,"4":0,"5":0,"6":0,"7":0},"f":{"0":0,"1":0},"b":{"0":[0,0],"1":[0,0]}}
,"/Users/dana/webstudy/tech_training/src/components/index.js": {"path":"/Users/dana/webstudy/tech_training/src/components/index.js","statementMap":{"0":{"start":{"line":1,"column":13},"end":{"line":1,"column":39}},"1":{"start":{"line":1,"column":39},"end":{"line":1,"column":88}},"2":{"start":{"line":1,"column":101},"end":{"line":1,"column":123}},"3":{"start":{"line":1,"column":137},"end":{"line":1,"column":167}},"4":{"start":{"line":1,"column":190},"end":{"line":1,"column":230}},"5":{"start":{"line":1,"column":253},"end":{"line":1,"column":292}},"6":{"start":{"line":1,"column":331},"end":{"line":1,"column":385}},"7":{"start":{"line":1,"column":386},"end":{"line":1,"column":416}},"8":{"start":{"line":1,"column":416},"end":{"line":2,"column":40}}},"fnMap":{"0":{"name":"_interopRequireDefault","decl":{"start":{"line":1,"column":302},"end":{"line":1,"column":324}},"loc":{"start":{"line":1,"column":330},"end":{"line":1,"column":386}},"line":1}},"branchMap":{"0":{"loc":{"start":{"line":1,"column":338},"end":{"line":1,"column":384}},"type":"cond-expr","locations":[{"start":{"line":1,"column":362},"end":{"line":1,"column":365}},{"start":{"line":1,"column":368},"end":{"line":1,"column":384}}],"line":1},"1":{"loc":{"start":{"line":1,"column":338},"end":{"line":1,"column":359}},"type":"binary-expr","locations":[{"start":{"line":1,"column":338},"end":{"line":1,"column":341}},{"start":{"line":1,"column":345},"end":{"line":1,"column":359}}],"line":1}},"s":{"0":0,"1":0,"2":0,"3":0,"4":0,"5":0,"6":0,"7":0,"8":0},"f":{"0":0},"b":{"0":[0,0],"1":[0,0]}}
,"/Users/dana/webstudy/tech_training/src/components/List/List.js": {"path":"/Users/dana/webstudy/tech_training/src/components/List/List.js","statementMap":{"0":{"start":{"line":4,"column":13},"end":{"line":42,"column":1}},"1":{"start":{"line":6,"column":25},"end":{"line":9,"column":5}},"2":{"start":{"line":7,"column":8},"end":{"line":7,"column":27}},"3":{"start":{"line":8,"column":8},"end":{"line":8,"column":38}},"4":{"start":{"line":11,"column":22},"end":{"line":34,"column":53}},"5":{"start":{"line":15,"column":20},"end":{"line":30,"column":25}},"6":{"start":{"line":19,"column":60},"end":{"line":19,"column":88}},"7":{"start":{"line":25,"column":51},"end":{"line":25,"column":78}},"8":{"start":{"line":37,"column":4},"end":{"line":41,"column":6}},"9":{"start":{"line":44,"column":0},"end":{"line":47,"column":2}}},"fnMap":{"0":{"name":"(anonymous_0)","decl":{"start":{"line":4,"column":13},"end":{"line":4,"column":14}},"loc":{"start":{"line":4,"column":24},"end":{"line":42,"column":1}},"line":4},"1":{"name":"(anonymous_1)","decl":{"start":{"line":6,"column":25},"end":{"line":6,"column":26}},"loc":{"start":{"line":6,"column":38},"end":{"line":9,"column":5}},"line":6},"2":{"name":"(anonymous_2)","decl":{"start":{"line":14,"column":36},"end":{"line":14,"column":37}},"loc":{"start":{"line":15,"column":20},"end":{"line":30,"column":25}},"line":15},"3":{"name":"(anonymous_3)","decl":{"start":{"line":19,"column":53},"end":{"line":19,"column":54}},"loc":{"start":{"line":19,"column":60},"end":{"line":19,"column":88}},"line":19},"4":{"name":"(anonymous_4)","decl":{"start":{"line":25,"column":45},"end":{"line":25,"column":46}},"loc":{"start":{"line":25,"column":51},"end":{"line":25,"column":78}},"line":25}},"branchMap":{"0":{"loc":{"start":{"line":11,"column":22},"end":{"line":34,"column":53}},"type":"cond-expr","locations":[{"start":{"line":12,"column":8},"end":{"line":33,"column":13}},{"start":{"line":34,"column":8},"end":{"line":34,"column":53}}],"line":11}},"s":{"0":1,"1":8,"2":1,"3":1,"4":8,"5":12,"6":1,"7":1,"8":8,"9":1},"f":{"0":8,"1":1,"2":12,"3":1,"4":1},"b":{"0":[6,2]},"_coverageSchema":"332fd63041d2c1bcb487cc26dd0d5f7d97098a6c","hash":"4d51cec1bb4c83bd96adcca13569abafc1fccca1"}
,"/Users/dana/webstudy/tech_training/src/components/PropertyTable/PropertyTable.js": {"path":"/Users/dana/webstudy/tech_training/src/components/PropertyTable/PropertyTable.js","statementMap":{"0":{"start":{"line":4,"column":22},"end":{"line":13,"column":1}},"1":{"start":{"line":5,"column":4},"end":{"line":11,"column":6}},"2":{"start":{"line":15,"column":0},"end":{"line":21,"column":2}}},"fnMap":{"0":{"name":"(anonymous_0)","decl":{"start":{"line":4,"column":22},"end":{"line":4,"column":23}},"loc":{"start":{"line":4,"column":78},"end":{"line":13,"column":1}},"line":4}},"branchMap":{},"s":{"0":1,"1":1,"2":1},"f":{"0":1},"b":{},"_coverageSchema":"332fd63041d2c1bcb487cc26dd0d5f7d97098a6c","hash":"e134b6ded03d3fdb2cc68c6c39d6d920687e412b"}
,"/Users/dana/webstudy/tech_training/src/constants/cityList.js": {"path":"/Users/dana/webstudy/tech_training/src/constants/cityList.js","statementMap":{},"fnMap":{},"branchMap":{},"s":{},"f":{},"b":{},"_coverageSchema":"332fd63041d2c1bcb487cc26dd0d5f7d97098a6c","hash":"38061201027c8a37a6f64d8d06977c4c8b7e7581"}
,"/Users/dana/webstudy/tech_training/src/containers/index.js": {"path":"/Users/dana/webstudy/tech_training/src/containers/index.js","statementMap":{"0":{"start":{"line":1,"column":13},"end":{"line":1,"column":39}},"1":{"start":{"line":1,"column":39},"end":{"line":1,"column":99}},"2":{"start":{"line":1,"column":113},"end":{"line":1,"column":132}},"3":{"start":{"line":1,"column":148},"end":{"line":1,"column":179}},"4":{"start":{"line":1,"column":192},"end":{"line":1,"column":209}},"5":{"start":{"line":1,"column":223},"end":{"line":1,"column":252}},"6":{"start":{"line":1,"column":291},"end":{"line":1,"column":345}},"7":{"start":{"line":1,"column":346},"end":{"line":1,"column":389}},"8":{"start":{"line":1,"column":389},"end":{"line":2,"column":31}}},"fnMap":{"0":{"name":"_interopRequireDefault","decl":{"start":{"line":1,"column":262},"end":{"line":1,"column":284}},"loc":{"start":{"line":1,"column":290},"end":{"line":1,"column":346}},"line":1}},"branchMap":{"0":{"loc":{"start":{"line":1,"column":298},"end":{"line":1,"column":344}},"type":"cond-expr","locations":[{"start":{"line":1,"column":322},"end":{"line":1,"column":325}},{"start":{"line":1,"column":328},"end":{"line":1,"column":344}}],"line":1},"1":{"loc":{"start":{"line":1,"column":298},"end":{"line":1,"column":319}},"type":"binary-expr","locations":[{"start":{"line":1,"column":298},"end":{"line":1,"column":301}},{"start":{"line":1,"column":305},"end":{"line":1,"column":319}}],"line":1}},"s":{"0":0,"1":0,"2":0,"3":0,"4":0,"5":0,"6":0,"7":0,"8":0},"f":{"0":0},"b":{"0":[0,0],"1":[0,0]}}
,"/Users/dana/webstudy/tech_training/src/containers/Cities/container.js": {"path":"/Users/dana/webstudy/tech_training/src/containers/Cities/container.js","statementMap":{"0":{"start":{"line":1,"column":13},"end":{"line":1,"column":39}},"1":{"start":{"line":1,"column":54},"end":{"line":1,"column":285}},"2":{"start":{"line":1,"column":90},"end":{"line":1,"column":270}},"3":{"start":{"line":1,"column":147},"end":{"line":1,"column":159}},"4":{"start":{"line":1,"column":160},"end":{"line":1,"column":269}},"5":{"start":{"line":1,"column":185},"end":{"line":1,"column":268}},"6":{"start":{"line":1,"column":241},"end":{"line":1,"column":267}},"7":{"start":{"line":1,"column":270},"end":{"line":1,"column":284}},"8":{"start":{"line":1,"column":304},"end":{"line":1,"column":326}},"9":{"start":{"line":2,"column":13},"end":{"line":2,"column":29}},"10":{"start":{"line":3,"column":12},"end":{"line":3,"column":29}},"11":{"start":{"line":3,"column":43},"end":{"line":3,"column":72}},"12":{"start":{"line":4,"column":15},"end":{"line":4,"column":45}},"13":{"start":{"line":5,"column":24},"end":{"line":5,"column":53}},"14":{"start":{"line":6,"column":18},"end":{"line":6,"column":45}},"15":{"start":{"line":6,"column":84},"end":{"line":6,"column":138}},"16":{"start":{"line":9,"column":4},"end":{"line":11,"column":6}},"17":{"start":{"line":14,"column":25},"end":{"line":18,"column":16}},"18":{"start":{"line":14,"column":64},"end":{"line":18,"column":15}},"19":{"start":{"line":16,"column":48},"end":{"line":16,"column":88}},"20":{"start":{"line":18,"column":17},"end":{"line":24,"column":39}}},"fnMap":{"0":{"name":"(anonymous_0)","decl":{"start":{"line":1,"column":71},"end":{"line":1,"column":72}},"loc":{"start":{"line":1,"column":89},"end":{"line":1,"column":285}},"line":1},"1":{"name":"_interopRequireDefault","decl":{"start":{"line":6,"column":55},"end":{"line":6,"column":77}},"loc":{"start":{"line":6,"column":83},"end":{"line":6,"column":139}},"line":6},"2":{"name":"mapStateToProps","decl":{"start":{"line":8,"column":9},"end":{"line":8,"column":24}},"loc":{"start":{"line":8,"column":32},"end":{"line":12,"column":1}},"line":8},"3":{"name":"mapDispatchToProps","decl":{"start":{"line":14,"column":34},"end":{"line":14,"column":52}},"loc":{"start":{"line":14,"column":63},"end":{"line":18,"column":16}},"line":14},"4":{"name":"changeRoute","decl":{"start":{"line":16,"column":30},"end":{"line":16,"column":41}},"loc":{"start":{"line":16,"column":47},"end":{"line":16,"column":89}},"line":16}},"branchMap":{"0":{"loc":{"start":{"line":1,"column":54},"end":{"line":1,"column":285}},"type":"binary-expr","locations":[{"start":{"line":1,"column":54},"end":{"line":1,"column":67}},{"start":{"line":1,"column":71},"end":{"line":1,"column":285}}],"line":1},"1":{"loc":{"start":{"line":1,"column":185},"end":{"line":1,"column":268}},"type":"if","locations":[{"start":{"line":1,"column":185},"end":{"line":1,"column":268}},{"start":{"line":1,"column":185},"end":{"line":1,"column":268}}],"line":1},"2":{"loc":{"start":{"line":6,"column":91},"end":{"line":6,"column":137}},"type":"cond-expr","locations":[{"start":{"line":6,"column":115},"end":{"line":6,"column":118}},{"start":{"line":6,"column":121},"end":{"line":6,"column":137}}],"line":6},"3":{"loc":{"start":{"line":6,"column":91},"end":{"line":6,"column":112}},"type":"binary-expr","locations":[{"start":{"line":6,"column":91},"end":{"line":6,"column":94}},{"start":{"line":6,"column":98},"end":{"line":6,"column":112}}],"line":6}},"s":{"0":0,"1":0,"2":0,"3":0,"4":0,"5":0,"6":0,"7":0,"8":0,"9":0,"10":0,"11":0,"12":0,"13":0,"14":0,"15":0,"16":0,"17":0,"18":0,"19":0,"20":0},"f":{"0":0,"1":0,"2":0,"3":0,"4":0},"b":{"0":[0,0],"1":[0,0],"2":[0,0],"3":[0,0]}}
,"/Users/dana/webstudy/tech_training/src/containers/Cities/index.js": {"path":"/Users/dana/webstudy/tech_training/src/containers/Cities/index.js","statementMap":{"0":{"start":{"line":1,"column":13},"end":{"line":1,"column":39}},"1":{"start":{"line":1,"column":56},"end":{"line":1,"column":78}},"2":{"start":{"line":1,"column":79},"end":{"line":1,"column":217}},"3":{"start":{"line":1,"column":162},"end":{"line":1,"column":212}},"4":{"start":{"line":1,"column":255},"end":{"line":1,"column":309}}},"fnMap":{"0":{"name":"get","decl":{"start":{"line":1,"column":155},"end":{"line":1,"column":158}},"loc":{"start":{"line":1,"column":161},"end":{"line":1,"column":213}},"line":1},"1":{"name":"_interopRequireDefault","decl":{"start":{"line":1,"column":226},"end":{"line":1,"column":248}},"loc":{"start":{"line":1,"column":254},"end":{"line":1,"column":310}},"line":1}},"branchMap":{"0":{"loc":{"start":{"line":1,"column":262},"end":{"line":1,"column":308}},"type":"cond-expr","locations":[{"start":{"line":1,"column":286},"end":{"line":1,"column":289}},{"start":{"line":1,"column":292},"end":{"line":1,"column":308}}],"line":1},"1":{"loc":{"start":{"line":1,"column":262},"end":{"line":1,"column":283}},"type":"binary-expr","locations":[{"start":{"line":1,"column":262},"end":{"line":1,"column":265}},{"start":{"line":1,"column":269},"end":{"line":1,"column":283}}],"line":1}},"s":{"0":0,"1":0,"2":0,"3":0,"4":0},"f":{"0":0,"1":0},"b":{"0":[0,0],"1":[0,0]}}
,"/Users/dana/webstudy/tech_training/src/containers/Cities/view.js": {"path":"/Users/dana/webstudy/tech_training/src/containers/Cities/view.js","statementMap":{"0":{"start":{"line":8,"column":12},"end":{"line":24,"column":14}},"1":{"start":{"line":28,"column":4},"end":{"line":32,"column":6}},"2":{"start":{"line":34,"column":4},"end":{"line":34,"column":22}}},"fnMap":{"0":{"name":"(anonymous_0)","decl":{"start":{"line":4,"column":15},"end":{"line":4,"column":16}},"loc":{"start":{"line":4,"column":25},"end":{"line":35,"column":1}},"line":4},"1":{"name":"(anonymous_1)","decl":{"start":{"line":7,"column":8},"end":{"line":7,"column":9}},"loc":{"start":{"line":7,"column":17},"end":{"line":25,"column":9}},"line":7}},"branchMap":{},"s":{"0":1,"1":1,"2":1},"f":{"0":1,"1":1},"b":{},"_coverageSchema":"332fd63041d2c1bcb487cc26dd0d5f7d97098a6c","hash":"6eee00e5decc94ff8a331d9d4fc87774c08bb254"}
,"/Users/dana/webstudy/tech_training/src/containers/City/container.js": {"path":"/Users/dana/webstudy/tech_training/src/containers/City/container.js","statementMap":{"0":{"start":{"line":1,"column":13},"end":{"line":1,"column":39}},"1":{"start":{"line":1,"column":54},"end":{"line":1,"column":285}},"2":{"start":{"line":1,"column":90},"end":{"line":1,"column":270}},"3":{"start":{"line":1,"column":147},"end":{"line":1,"column":159}},"4":{"start":{"line":1,"column":160},"end":{"line":1,"column":269}},"5":{"start":{"line":1,"column":185},"end":{"line":1,"column":268}},"6":{"start":{"line":1,"column":241},"end":{"line":1,"column":267}},"7":{"start":{"line":1,"column":270},"end":{"line":1,"column":284}},"8":{"start":{"line":1,"column":304},"end":{"line":1,"column":326}},"9":{"start":{"line":2,"column":13},"end":{"line":2,"column":29}},"10":{"start":{"line":3,"column":12},"end":{"line":3,"column":29}},"11":{"start":{"line":3,"column":43},"end":{"line":3,"column":72}},"12":{"start":{"line":4,"column":15},"end":{"line":4,"column":45}},"13":{"start":{"line":5,"column":18},"end":{"line":5,"column":45}},"14":{"start":{"line":6,"column":11},"end":{"line":6,"column":37}},"15":{"start":{"line":6,"column":50},"end":{"line":6,"column":78}},"16":{"start":{"line":6,"column":117},"end":{"line":6,"column":171}},"17":{"start":{"line":9,"column":4},"end":{"line":11,"column":40}},"18":{"start":{"line":15,"column":25},"end":{"line":19,"column":16}},"19":{"start":{"line":15,"column":64},"end":{"line":19,"column":15}},"20":{"start":{"line":17,"column":53},"end":{"line":17,"column":127}},"21":{"start":{"line":19,"column":17},"end":{"line":25,"column":48}}},"fnMap":{"0":{"name":"(anonymous_0)","decl":{"start":{"line":1,"column":71},"end":{"line":1,"column":72}},"loc":{"start":{"line":1,"column":89},"end":{"line":1,"column":285}},"line":1},"1":{"name":"_interopRequireDefault","decl":{"start":{"line":6,"column":88},"end":{"line":6,"column":110}},"loc":{"start":{"line":6,"column":116},"end":{"line":6,"column":172}},"line":6},"2":{"name":"mapStateToProps","decl":{"start":{"line":8,"column":9},"end":{"line":8,"column":24}},"loc":{"start":{"line":8,"column":42},"end":{"line":13,"column":1}},"line":8},"3":{"name":"mapDispatchToProps","decl":{"start":{"line":15,"column":34},"end":{"line":15,"column":52}},"loc":{"start":{"line":15,"column":63},"end":{"line":19,"column":16}},"line":15},"4":{"name":"fetchForecast","decl":{"start":{"line":17,"column":32},"end":{"line":17,"column":45}},"loc":{"start":{"line":17,"column":52},"end":{"line":17,"column":128}},"line":17}},"branchMap":{"0":{"loc":{"start":{"line":1,"column":54},"end":{"line":1,"column":285}},"type":"binary-expr","locations":[{"start":{"line":1,"column":54},"end":{"line":1,"column":67}},{"start":{"line":1,"column":71},"end":{"line":1,"column":285}}],"line":1},"1":{"loc":{"start":{"line":1,"column":185},"end":{"line":1,"column":268}},"type":"if","locations":[{"start":{"line":1,"column":185},"end":{"line":1,"column":268}},{"start":{"line":1,"column":185},"end":{"line":1,"column":268}}],"line":1},"2":{"loc":{"start":{"line":6,"column":124},"end":{"line":6,"column":170}},"type":"cond-expr","locations":[{"start":{"line":6,"column":148},"end":{"line":6,"column":151}},{"start":{"line":6,"column":154},"end":{"line":6,"column":170}}],"line":6},"3":{"loc":{"start":{"line":6,"column":124},"end":{"line":6,"column":145}},"type":"binary-expr","locations":[{"start":{"line":6,"column":124},"end":{"line":6,"column":127}},{"start":{"line":6,"column":131},"end":{"line":6,"column":145}}],"line":6}},"s":{"0":0,"1":0,"2":0,"3":0,"4":0,"5":0,"6":0,"7":0,"8":0,"9":0,"10":0,"11":0,"12":0,"13":0,"14":0,"15":0,"16":0,"17":0,"18":0,"19":0,"20":0,"21":0},"f":{"0":0,"1":0,"2":0,"3":0,"4":0},"b":{"0":[0,0],"1":[0,0],"2":[0,0],"3":[0,0]}}
,"/Users/dana/webstudy/tech_training/src/containers/City/index.js": {"path":"/Users/dana/webstudy/tech_training/src/containers/City/index.js","statementMap":{"0":{"start":{"line":1,"column":13},"end":{"line":1,"column":39}},"1":{"start":{"line":1,"column":56},"end":{"line":1,"column":78}},"2":{"start":{"line":1,"column":79},"end":{"line":1,"column":217}},"3":{"start":{"line":1,"column":162},"end":{"line":1,"column":212}},"4":{"start":{"line":1,"column":255},"end":{"line":1,"column":309}}},"fnMap":{"0":{"name":"get","decl":{"start":{"line":1,"column":155},"end":{"line":1,"column":158}},"loc":{"start":{"line":1,"column":161},"end":{"line":1,"column":213}},"line":1},"1":{"name":"_interopRequireDefault","decl":{"start":{"line":1,"column":226},"end":{"line":1,"column":248}},"loc":{"start":{"line":1,"column":254},"end":{"line":1,"column":310}},"line":1}},"branchMap":{"0":{"loc":{"start":{"line":1,"column":262},"end":{"line":1,"column":308}},"type":"cond-expr","locations":[{"start":{"line":1,"column":286},"end":{"line":1,"column":289}},{"start":{"line":1,"column":292},"end":{"line":1,"column":308}}],"line":1},"1":{"loc":{"start":{"line":1,"column":262},"end":{"line":1,"column":283}},"type":"binary-expr","locations":[{"start":{"line":1,"column":262},"end":{"line":1,"column":265}},{"start":{"line":1,"column":269},"end":{"line":1,"column":283}}],"line":1}},"s":{"0":0,"1":0,"2":0,"3":0,"4":0},"f":{"0":0,"1":0},"b":{"0":[0,0],"1":[0,0]}}
,"/Users/dana/webstudy/tech_training/src/containers/City/view.js": {"path":"/Users/dana/webstudy/tech_training/src/containers/City/view.js","statementMap":{"0":{"start":{"line":8,"column":12},"end":{"line":8,"column":54}},"1":{"start":{"line":12,"column":12},"end":{"line":24,"column":14}},"2":{"start":{"line":28,"column":4},"end":{"line":32,"column":6}},"3":{"start":{"line":34,"column":4},"end":{"line":34,"column":20}}},"fnMap":{"0":{"name":"(anonymous_0)","decl":{"start":{"line":4,"column":15},"end":{"line":4,"column":16}},"loc":{"start":{"line":4,"column":34},"end":{"line":35,"column":1}},"line":4},"1":{"name":"(anonymous_1)","decl":{"start":{"line":7,"column":8},"end":{"line":7,"column":9}},"loc":{"start":{"line":7,"column":28},"end":{"line":9,"column":9}},"line":7},"2":{"name":"(anonymous_2)","decl":{"start":{"line":11,"column":8},"end":{"line":11,"column":9}},"loc":{"start":{"line":11,"column":16},"end":{"line":25,"column":9}},"line":11}},"branchMap":{},"s":{"0":1,"1":1,"2":1,"3":1},"f":{"0":1,"1":1,"2":1},"b":{},"_coverageSchema":"332fd63041d2c1bcb487cc26dd0d5f7d97098a6c","hash":"71aef1521cc29b374c65755dde380a67ec63a923"}
,"/Users/dana/webstudy/tech_training/src/redux/actions/index.js": {"path":"/Users/dana/webstudy/tech_training/src/redux/actions/index.js","statementMap":{"0":{"start":{"line":1,"column":13},"end":{"line":1,"column":39}},"1":{"start":{"line":1,"column":54},"end":{"line":1,"column":79}},"2":{"start":{"line":1,"column":80},"end":{"line":1,"column":286}},"3":{"start":{"line":1,"column":126},"end":{"line":1,"column":180}},"4":{"start":{"line":1,"column":173},"end":{"line":1,"column":180}},"5":{"start":{"line":1,"column":180},"end":{"line":1,"column":283}},"6":{"start":{"line":1,"column":257},"end":{"line":1,"column":278}},"7":{"start":{"line":1,"column":302},"end":{"line":1,"column":329}},"8":{"start":{"line":2,"column":0},"end":{"line":2,"column":208}},"9":{"start":{"line":2,"column":47},"end":{"line":2,"column":101}},"10":{"start":{"line":2,"column":94},"end":{"line":2,"column":101}},"11":{"start":{"line":2,"column":101},"end":{"line":2,"column":205}},"12":{"start":{"line":2,"column":178},"end":{"line":2,"column":200}}},"fnMap":{"0":{"name":"(anonymous_0)","decl":{"start":{"line":1,"column":110},"end":{"line":1,"column":111}},"loc":{"start":{"line":1,"column":125},"end":{"line":1,"column":284}},"line":1},"1":{"name":"get","decl":{"start":{"line":1,"column":250},"end":{"line":1,"column":253}},"loc":{"start":{"line":1,"column":256},"end":{"line":1,"column":279}},"line":1},"2":{"name":"(anonymous_2)","decl":{"start":{"line":2,"column":31},"end":{"line":2,"column":32}},"loc":{"start":{"line":2,"column":46},"end":{"line":2,"column":206}},"line":2},"3":{"name":"get","decl":{"start":{"line":2,"column":171},"end":{"line":2,"column":174}},"loc":{"start":{"line":2,"column":177},"end":{"line":2,"column":201}},"line":2}},"branchMap":{"0":{"loc":{"start":{"line":1,"column":126},"end":{"line":1,"column":180}},"type":"if","locations":[{"start":{"line":1,"column":126},"end":{"line":1,"column":180}},{"start":{"line":1,"column":126},"end":{"line":1,"column":180}}],"line":1},"1":{"loc":{"start":{"line":1,"column":130},"end":{"line":1,"column":171}},"type":"binary-expr","locations":[{"start":{"line":1,"column":130},"end":{"line":1,"column":147}},{"start":{"line":1,"column":151},"end":{"line":1,"column":171}}],"line":1},"2":{"loc":{"start":{"line":2,"column":47},"end":{"line":2,"column":101}},"type":"if","locations":[{"start":{"line":2,"column":47},"end":{"line":2,"column":101}},{"start":{"line":2,"column":47},"end":{"line":2,"column":101}}],"line":2},"3":{"loc":{"start":{"line":2,"column":51},"end":{"line":2,"column":92}},"type":"binary-expr","locations":[{"start":{"line":2,"column":51},"end":{"line":2,"column":68}},{"start":{"line":2,"column":72},"end":{"line":2,"column":92}}],"line":2}},"s":{"0":0,"1":0,"2":0,"3":0,"4":0,"5":0,"6":0,"7":0,"8":0,"9":0,"10":0,"11":0,"12":0},"f":{"0":0,"1":0,"2":0,"3":0},"b":{"0":[0,0],"1":[0,0],"2":[0,0],"3":[0,0]}}
,"/Users/dana/webstudy/tech_training/src/redux/actions/cities/actions.js": {"path":"/Users/dana/webstudy/tech_training/src/redux/actions/cities/actions.js","statementMap":{"0":{"start":{"line":3,"column":16},"end":{"line":5,"column":1}},"1":{"start":{"line":4,"column":29},"end":{"line":4,"column":66}}},"fnMap":{"0":{"name":"(anonymous_0)","decl":{"start":{"line":4,"column":20},"end":{"line":4,"column":21}},"loc":{"start":{"line":4,"column":29},"end":{"line":4,"column":66}},"line":4}},"branchMap":{},"s":{"0":1,"1":1},"f":{"0":1},"b":{},"_coverageSchema":"332fd63041d2c1bcb487cc26dd0d5f7d97098a6c","hash":"93e34b75e44be3548035c5c4291c89cfdd602147"}
,"/Users/dana/webstudy/tech_training/src/redux/actions/city/actions.js": {"path":"/Users/dana/webstudy/tech_training/src/redux/actions/city/actions.js","statementMap":{"0":{"start":{"line":3,"column":16},"end":{"line":7,"column":1}},"1":{"start":{"line":4,"column":33},"end":{"line":4,"column":72}},"2":{"start":{"line":5,"column":41},"end":{"line":5,"column":90}},"3":{"start":{"line":6,"column":38},"end":{"line":6,"column":84}},"4":{"start":{"line":10,"column":4},"end":{"line":15,"column":6}},"5":{"start":{"line":11,"column":8},"end":{"line":11,"column":49}},"6":{"start":{"line":12,"column":8},"end":{"line":14,"column":73}},"7":{"start":{"line":13,"column":12},"end":{"line":13,"column":61}},"8":{"start":{"line":14,"column":26},"end":{"line":14,"column":71}}},"fnMap":{"0":{"name":"(anonymous_0)","decl":{"start":{"line":4,"column":26},"end":{"line":4,"column":27}},"loc":{"start":{"line":4,"column":33},"end":{"line":4,"column":72}},"line":4},"1":{"name":"(anonymous_1)","decl":{"start":{"line":5,"column":26},"end":{"line":5,"column":27}},"loc":{"start":{"line":5,"column":41},"end":{"line":5,"column":90}},"line":5},"2":{"name":"(anonymous_2)","decl":{"start":{"line":6,"column":26},"end":{"line":6,"column":27}},"loc":{"start":{"line":6,"column":38},"end":{"line":6,"column":84}},"line":6},"3":{"name":"fetchForecast","decl":{"start":{"line":9,"column":16},"end":{"line":9,"column":29}},"loc":{"start":{"line":9,"column":39},"end":{"line":16,"column":1}},"line":9},"4":{"name":"(anonymous_4)","decl":{"start":{"line":10,"column":11},"end":{"line":10,"column":12}},"loc":{"start":{"line":10,"column":25},"end":{"line":15,"column":5}},"line":10},"5":{"name":"(anonymous_5)","decl":{"start":{"line":12,"column":28},"end":{"line":12,"column":29}},"loc":{"start":{"line":12,"column":40},"end":{"line":14,"column":9}},"line":12},"6":{"name":"(anonymous_6)","decl":{"start":{"line":14,"column":17},"end":{"line":14,"column":18}},"loc":{"start":{"line":14,"column":26},"end":{"line":14,"column":71}},"line":14}},"branchMap":{},"s":{"0":1,"1":2,"2":1,"3":1,"4":2,"5":2,"6":2,"7":1,"8":1},"f":{"0":2,"1":1,"2":1,"3":2,"4":2,"5":1,"6":1},"b":{},"_coverageSchema":"332fd63041d2c1bcb487cc26dd0d5f7d97098a6c","hash":"7bbcb4d1812fc788614e250e1b56d23c28ed1819"}
,"/Users/dana/webstudy/tech_training/src/redux/api/ForecastAPI.js": {"path":"/Users/dana/webstudy/tech_training/src/redux/api/ForecastAPI.js","statementMap":{"0":{"start":{"line":1,"column":13},"end":{"line":1,"column":39}},"1":{"start":{"line":1,"column":88},"end":{"line":1,"column":187}},"2":{"start":{"line":1,"column":129},"end":{"line":1,"column":186}},"3":{"start":{"line":1,"column":216},"end":{"line":1,"column":225}},"4":{"start":{"line":2,"column":28},"end":{"line":2,"column":52}},"5":{"start":{"line":3,"column":21},"end":{"line":3,"column":55}},"6":{"start":{"line":5,"column":14},"end":{"line":10,"column":28}},"7":{"start":{"line":5,"column":51},"end":{"line":5,"column":86}},"8":{"start":{"line":5,"column":87},"end":{"line":10,"column":6}},"9":{"start":{"line":7,"column":8},"end":{"line":9,"column":48}},"10":{"start":{"line":8,"column":34},"end":{"line":8,"column":57}},"11":{"start":{"line":9,"column":32},"end":{"line":9,"column":45}},"12":{"start":{"line":10,"column":6},"end":{"line":10,"column":25}},"13":{"start":{"line":10,"column":29},"end":{"line":10,"column":59}}},"fnMap":{"0":{"name":"_classCallCheck","decl":{"start":{"line":1,"column":48},"end":{"line":1,"column":63}},"loc":{"start":{"line":1,"column":87},"end":{"line":1,"column":188}},"line":1},"1":{"name":"(anonymous_1)","decl":{"start":{"line":5,"column":14},"end":{"line":5,"column":15}},"loc":{"start":{"line":5,"column":26},"end":{"line":10,"column":26}},"line":5},"2":{"name":"ForecastApi","decl":{"start":{"line":5,"column":36},"end":{"line":5,"column":47}},"loc":{"start":{"line":5,"column":50},"end":{"line":5,"column":87}},"line":5},"3":{"name":"fetchCityForecast","decl":{"start":{"line":6,"column":33},"end":{"line":6,"column":50}},"loc":{"start":{"line":6,"column":57},"end":{"line":10,"column":5}},"line":6},"4":{"name":"(anonymous_4)","decl":{"start":{"line":8,"column":13},"end":{"line":8,"column":14}},"loc":{"start":{"line":8,"column":33},"end":{"line":8,"column":58}},"line":8},"5":{"name":"(anonymous_5)","decl":{"start":{"line":9,"column":14},"end":{"line":9,"column":15}},"loc":{"start":{"line":9,"column":31},"end":{"line":9,"column":46}},"line":9}},"branchMap":{"0":{"loc":{"start":{"line":1,"column":88},"end":{"line":1,"column":187}},"type":"if","locations":[{"start":{"line":1,"column":88},"end":{"line":1,"column":187}},{"start":{"line":1,"column":88},"end":{"line":1,"column":187}}],"line":1}},"s":{"0":0,"1":0,"2":0,"3":0,"4":0,"5":0,"6":0,"7":0,"8":0,"9":0,"10":0,"11":0,"12":0,"13":0},"f":{"0":0,"1":0,"2":0,"3":0,"4":0,"5":0},"b":{"0":[0,0]}}
,"/Users/dana/webstudy/tech_training/src/redux/api/index.js": {"path":"/Users/dana/webstudy/tech_training/src/redux/api/index.js","statementMap":{"0":{"start":{"line":1,"column":13},"end":{"line":1,"column":39}},"1":{"start":{"line":1,"column":58},"end":{"line":1,"column":82}},"2":{"start":{"line":1,"column":83},"end":{"line":1,"column":223}},"3":{"start":{"line":1,"column":166},"end":{"line":1,"column":218}},"4":{"start":{"line":1,"column":261},"end":{"line":1,"column":315}}},"fnMap":{"0":{"name":"get","decl":{"start":{"line":1,"column":159},"end":{"line":1,"column":162}},"loc":{"start":{"line":1,"column":165},"end":{"line":1,"column":219}},"line":1},"1":{"name":"_interopRequireDefault","decl":{"start":{"line":1,"column":232},"end":{"line":1,"column":254}},"loc":{"start":{"line":1,"column":260},"end":{"line":1,"column":316}},"line":1}},"branchMap":{"0":{"loc":{"start":{"line":1,"column":268},"end":{"line":1,"column":314}},"type":"cond-expr","locations":[{"start":{"line":1,"column":292},"end":{"line":1,"column":295}},{"start":{"line":1,"column":298},"end":{"line":1,"column":314}}],"line":1},"1":{"loc":{"start":{"line":1,"column":268},"end":{"line":1,"column":289}},"type":"binary-expr","locations":[{"start":{"line":1,"column":268},"end":{"line":1,"column":271}},{"start":{"line":1,"column":275},"end":{"line":1,"column":289}}],"line":1}},"s":{"0":0,"1":0,"2":0,"3":0,"4":0},"f":{"0":0,"1":0},"b":{"0":[0,0],"1":[0,0]}}
,"/Users/dana/webstudy/tech_training/src/redux/constants/cities.types.js": {"path":"/Users/dana/webstudy/tech_training/src/redux/constants/cities.types.js","statementMap":{},"fnMap":{},"branchMap":{},"s":{},"f":{},"b":{},"_coverageSchema":"332fd63041d2c1bcb487cc26dd0d5f7d97098a6c","hash":"c88be13b23a8ce3f9d28c84ccac5e2a49f2288a7"}
,"/Users/dana/webstudy/tech_training/src/redux/constants/city.types.js": {"path":"/Users/dana/webstudy/tech_training/src/redux/constants/city.types.js","statementMap":{},"fnMap":{},"branchMap":{},"s":{},"f":{},"b":{},"_coverageSchema":"332fd63041d2c1bcb487cc26dd0d5f7d97098a6c","hash":"94d7f43ee7a45616c6f58ba99b96865fdc8c4b49"}
,"/Users/dana/webstudy/tech_training/src/redux/constants/index.js": {"path":"/Users/dana/webstudy/tech_training/src/redux/constants/index.js","statementMap":{},"fnMap":{},"branchMap":{},"s":{},"f":{},"b":{},"_coverageSchema":"332fd63041d2c1bcb487cc26dd0d5f7d97098a6c","hash":"9a3182bc2e660332893ce51f07744af0bb7deb73"}
,"/Users/dana/webstudy/tech_training/src/redux/reducers/index.js": {"path":"/Users/dana/webstudy/tech_training/src/redux/reducers/index.js","statementMap":{"0":{"start":{"line":1,"column":13},"end":{"line":1,"column":39}},"1":{"start":{"line":1,"column":52},"end":{"line":1,"column":68}},"2":{"start":{"line":2,"column":24},"end":{"line":2,"column":53}},"3":{"start":{"line":3,"column":15},"end":{"line":3,"column":42}},"4":{"start":{"line":3,"column":59},"end":{"line":3,"column":91}},"5":{"start":{"line":4,"column":16},"end":{"line":4,"column":41}},"6":{"start":{"line":4,"column":58},"end":{"line":4,"column":91}},"7":{"start":{"line":5,"column":14},"end":{"line":5,"column":34}},"8":{"start":{"line":5,"column":73},"end":{"line":5,"column":127}},"9":{"start":{"line":7,"column":23},"end":{"line":10,"column":46}},"10":{"start":{"line":10,"column":47},"end":{"line":13,"column":17}}},"fnMap":{"0":{"name":"_interopRequireDefault","decl":{"start":{"line":5,"column":44},"end":{"line":5,"column":66}},"loc":{"start":{"line":5,"column":72},"end":{"line":5,"column":128}},"line":5}},"branchMap":{"0":{"loc":{"start":{"line":5,"column":80},"end":{"line":5,"column":126}},"type":"cond-expr","locations":[{"start":{"line":5,"column":104},"end":{"line":5,"column":107}},{"start":{"line":5,"column":110},"end":{"line":5,"column":126}}],"line":5},"1":{"loc":{"start":{"line":5,"column":80},"end":{"line":5,"column":101}},"type":"binary-expr","locations":[{"start":{"line":5,"column":80},"end":{"line":5,"column":83}},{"start":{"line":5,"column":87},"end":{"line":5,"column":101}}],"line":5}},"s":{"0":0,"1":0,"2":0,"3":0,"4":0,"5":0,"6":0,"7":0,"8":0,"9":0,"10":0},"f":{"0":0},"b":{"0":[0,0],"1":[0,0]}}
,"/Users/dana/webstudy/tech_training/src/redux/reducers/utils.js": {"path":"/Users/dana/webstudy/tech_training/src/redux/reducers/utils.js","statementMap":{"0":{"start":{"line":2,"column":4},"end":{"line":6,"column":6}}},"fnMap":{"0":{"name":"assignNewState","decl":{"start":{"line":1,"column":16},"end":{"line":1,"column":30}},"loc":{"start":{"line":1,"column":48},"end":{"line":7,"column":1}},"line":1}},"branchMap":{},"s":{"0":3},"f":{"0":3},"b":{},"_coverageSchema":"332fd63041d2c1bcb487cc26dd0d5f7d97098a6c","hash":"c8504eb24ee29d2dc0f74559c69f1e9dcd15ffcc"}
,"/Users/dana/webstudy/tech_training/src/redux/reducers/cities/reducer.js": {"path":"/Users/dana/webstudy/tech_training/src/redux/reducers/cities/reducer.js","statementMap":{"0":{"start":{"line":5,"column":4},"end":{"line":10,"column":6}},"1":{"start":{"line":6,"column":8},"end":{"line":9,"column":9}},"2":{"start":{"line":7,"column":41},"end":{"line":7,"column":78}},"3":{"start":{"line":8,"column":21},"end":{"line":8,"column":34}},"4":{"start":{"line":14,"column":4},"end":{"line":17,"column":6}},"5":{"start":{"line":16,"column":47},"end":{"line":16,"column":62}}},"fnMap":{"0":{"name":"(anonymous_0)","decl":{"start":{"line":4,"column":15},"end":{"line":4,"column":16}},"loc":{"start":{"line":4,"column":33},"end":{"line":11,"column":1}},"line":4},"1":{"name":"(anonymous_1)","decl":{"start":{"line":5,"column":11},"end":{"line":5,"column":12}},"loc":{"start":{"line":5,"column":50},"end":{"line":10,"column":5}},"line":5},"2":{"name":"deleteListItem","decl":{"start":{"line":13,"column":9},"end":{"line":13,"column":23}},"loc":{"start":{"line":13,"column":50},"end":{"line":18,"column":1}},"line":13},"3":{"name":"(anonymous_3)","decl":{"start":{"line":16,"column":34},"end":{"line":16,"column":35}},"loc":{"start":{"line":16,"column":47},"end":{"line":16,"column":62}},"line":16}},"branchMap":{"0":{"loc":{"start":{"line":5,"column":12},"end":{"line":5,"column":32}},"type":"default-arg","locations":[{"start":{"line":5,"column":20},"end":{"line":5,"column":32}}],"line":5},"1":{"loc":{"start":{"line":5,"column":34},"end":{"line":5,"column":45}},"type":"default-arg","locations":[{"start":{"line":5,"column":43},"end":{"line":5,"column":45}}],"line":5},"2":{"loc":{"start":{"line":6,"column":8},"end":{"line":9,"column":9}},"type":"switch","locations":[{"start":{"line":7,"column":12},"end":{"line":7,"column":78}},{"start":{"line":8,"column":12},"end":{"line":8,"column":34}}],"line":6}},"s":{"0":1,"1":2,"2":1,"3":1,"4":1,"5":2},"f":{"0":1,"1":2,"2":1,"3":2},"b":{"0":[1],"1":[1],"2":[1,1]},"_coverageSchema":"332fd63041d2c1bcb487cc26dd0d5f7d97098a6c","hash":"d82f1cafaada3b171b852328fa1d96cb2a3cd8e4"}
,"/Users/dana/webstudy/tech_training/src/redux/reducers/city/reducer.js": {"path":"/Users/dana/webstudy/tech_training/src/redux/reducers/city/reducer.js","statementMap":{"0":{"start":{"line":5,"column":4},"end":{"line":11,"column":6}},"1":{"start":{"line":6,"column":8},"end":{"line":10,"column":9}},"2":{"start":{"line":7,"column":47},"end":{"line":7,"column":90}},"3":{"start":{"line":8,"column":47},"end":{"line":8,"column":90}},"4":{"start":{"line":9,"column":21},"end":{"line":9,"column":34}},"5":{"start":{"line":16,"column":78},"end":{"line":16,"column":84}},"6":{"start":{"line":18,"column":4},"end":{"line":27,"column":6}},"7":{"start":{"line":32,"column":4},"end":{"line":39,"column":6}}},"fnMap":{"0":{"name":"(anonymous_0)","decl":{"start":{"line":4,"column":15},"end":{"line":4,"column":16}},"loc":{"start":{"line":4,"column":33},"end":{"line":12,"column":1}},"line":4},"1":{"name":"(anonymous_1)","decl":{"start":{"line":5,"column":11},"end":{"line":5,"column":12}},"loc":{"start":{"line":5,"column":50},"end":{"line":11,"column":5}},"line":5},"2":{"name":"fetchForecastSuccess","decl":{"start":{"line":14,"column":9},"end":{"line":14,"column":29}},"loc":{"start":{"line":14,"column":45},"end":{"line":28,"column":1}},"line":14},"3":{"name":"fetchForecastFailure","decl":{"start":{"line":31,"column":9},"end":{"line":31,"column":29}},"loc":{"start":{"line":31,"column":49},"end":{"line":40,"column":1}},"line":31}},"branchMap":{"0":{"loc":{"start":{"line":5,"column":12},"end":{"line":5,"column":32}},"type":"default-arg","locations":[{"start":{"line":5,"column":20},"end":{"line":5,"column":32}}],"line":5},"1":{"loc":{"start":{"line":5,"column":34},"end":{"line":5,"column":45}},"type":"default-arg","locations":[{"start":{"line":5,"column":43},"end":{"line":5,"column":45}}],"line":5},"2":{"loc":{"start":{"line":6,"column":8},"end":{"line":10,"column":9}},"type":"switch","locations":[{"start":{"line":7,"column":12},"end":{"line":7,"column":90}},{"start":{"line":8,"column":12},"end":{"line":8,"column":90}},{"start":{"line":9,"column":12},"end":{"line":9,"column":34}}],"line":6}},"s":{"0":1,"1":3,"2":1,"3":1,"4":1,"5":1,"6":1,"7":1},"f":{"0":1,"1":3,"2":1,"3":1},"b":{"0":[1],"1":[1],"2":[1,1,1]},"_coverageSchema":"332fd63041d2c1bcb487cc26dd0d5f7d97098a6c","hash":"cb1dd7693ac391ccb98b8017aabc762ce177a59c"}
,"/Users/dana/webstudy/tech_training/src/redux/states/cities.state.js": {"path":"/Users/dana/webstudy/tech_training/src/redux/states/cities.state.js","statementMap":{},"fnMap":{},"branchMap":{},"s":{},"f":{},"b":{},"_coverageSchema":"332fd63041d2c1bcb487cc26dd0d5f7d97098a6c","hash":"4c20b088e61ec49f9f48d154960e3be5ffd60d46"}
,"/Users/dana/webstudy/tech_training/src/redux/states/city.state.js": {"path":"/Users/dana/webstudy/tech_training/src/redux/states/city.state.js","statementMap":{},"fnMap":{},"branchMap":{},"s":{},"f":{},"b":{},"_coverageSchema":"332fd63041d2c1bcb487cc26dd0d5f7d97098a6c","hash":"6d70e081c9553f98180f006162f11de49fa1effa"}
,"/Users/dana/webstudy/tech_training/src/redux/states/index.js": {"path":"/Users/dana/webstudy/tech_training/src/redux/states/index.js","statementMap":{},"fnMap":{},"branchMap":{},"s":{},"f":{},"b":{},"_coverageSchema":"332fd63041d2c1bcb487cc26dd0d5f7d97098a6c","hash":"7a8587eeebe5446e9f4504d4fb80e81be179849a"}
,"/Users/dana/webstudy/tech_training/src/redux/store/configureStore.js": {"path":"/Users/dana/webstudy/tech_training/src/redux/store/configureStore.js","statementMap":{"0":{"start":{"line":1,"column":13},"end":{"line":1,"column":39}},"1":{"start":{"line":1,"column":39},"end":{"line":1,"column":67}},"2":{"start":{"line":1,"column":80},"end":{"line":1,"column":96}},"3":{"start":{"line":2,"column":28},"end":{"line":2,"column":67}},"4":{"start":{"line":2,"column":97},"end":{"line":2,"column":142}},"5":{"start":{"line":3,"column":24},"end":{"line":3,"column":53}},"6":{"start":{"line":4,"column":19},"end":{"line":4,"column":42}},"7":{"start":{"line":4,"column":63},"end":{"line":4,"column":99}},"8":{"start":{"line":5,"column":18},"end":{"line":5,"column":40}},"9":{"start":{"line":5,"column":60},"end":{"line":5,"column":95}},"10":{"start":{"line":6,"column":16},"end":{"line":6,"column":38}},"11":{"start":{"line":6,"column":56},"end":{"line":6,"column":89}},"12":{"start":{"line":6,"column":128},"end":{"line":6,"column":182}},"13":{"start":{"line":9,"column":14},"end":{"line":9,"column":69}},"14":{"start":{"line":12,"column":13},"end":{"line":12,"column":61}},"15":{"start":{"line":14,"column":32},"end":{"line":14,"column":146}},"16":{"start":{"line":16,"column":21},"end":{"line":16,"column":128}},"17":{"start":{"line":16,"column":60},"end":{"line":16,"column":127}},"18":{"start":{"line":16,"column":129},"end":{"line":18,"column":15}}},"fnMap":{"0":{"name":"_interopRequireDefault","decl":{"start":{"line":6,"column":99},"end":{"line":6,"column":121}},"loc":{"start":{"line":6,"column":127},"end":{"line":6,"column":183}},"line":6},"1":{"name":"configureStore","decl":{"start":{"line":16,"column":30},"end":{"line":16,"column":44}},"loc":{"start":{"line":16,"column":59},"end":{"line":16,"column":128}},"line":16}},"branchMap":{"0":{"loc":{"start":{"line":6,"column":135},"end":{"line":6,"column":181}},"type":"cond-expr","locations":[{"start":{"line":6,"column":159},"end":{"line":6,"column":162}},{"start":{"line":6,"column":165},"end":{"line":6,"column":181}}],"line":6},"1":{"loc":{"start":{"line":6,"column":135},"end":{"line":6,"column":156}},"type":"binary-expr","locations":[{"start":{"line":6,"column":135},"end":{"line":6,"column":138}},{"start":{"line":6,"column":142},"end":{"line":6,"column":156}}],"line":6}},"s":{"0":0,"1":0,"2":0,"3":0,"4":0,"5":0,"6":0,"7":0,"8":0,"9":0,"10":0,"11":0,"12":0,"13":0,"14":0,"15":0,"16":0,"17":0,"18":0},"f":{"0":0,"1":0},"b":{"0":[0,0],"1":[0,0]}}
}
