TN:
SF:/Users/dana/webstudy/tech_training/src/index.js
FN:6,_interopRequireDefault
FNF:1
FNH:0
FNDA:0,_interopRequireDefault
DA:1,0
DA:2,0
DA:3,0
DA:4,0
DA:5,0
DA:6,0
DA:8,0
LF:7
LH:0
BRDA:6,0,0,0
BRDA:6,0,1,0
BRDA:6,1,0,0
BRDA:6,1,1,0
BRF:4
BRH:0
end_of_record
TN:
SF:/Users/dana/webstudy/tech_training/src/routes.js
FN:5,_interopRequireDefault
FN:5,router
FNF:2
FNH:0
FNDA:0,_interopRequireDefault
FNDA:0,router
DA:1,0
DA:5,0
DA:6,0
LF:3
LH:0
BRDA:5,0,0,0
BRDA:5,0,1,0
BRDA:5,1,0,0
BRDA:5,1,1,0
BRF:4
BRH:0
end_of_record
TN:
SF:/Users/dana/webstudy/tech_training/src/components/List.component.js
FN:4,(anonymous_0)
FN:9,(anonymous_1)
FN:14,(anonymous_2)
FN:20,(anonymous_3)
FNF:4
FNH:4
FNDA:5,(anonymous_0)
FNDA:10,(anonymous_1)
FNDA:1,(anonymous_2)
FNDA:1,(anonymous_3)
DA:4,3
DA:5,5
DA:10,10
DA:14,1
DA:20,1
DA:33,3
LF:6
LH:6
BRF:0
BRH:0
end_of_record
TN:
SF:/Users/dana/webstudy/tech_training/src/components/PropertyTable.component.js
FN:4,(anonymous_0)
FNF:1
FNH:1
FNDA:3,(anonymous_0)
DA:4,3
DA:5,3
DA:15,3
LF:3
LH:3
BRF:0
BRH:0
end_of_record
TN:
SF:/Users/dana/webstudy/tech_training/src/constants/cityList.js
FNF:0
FNH:0
LF:0
LH:0
BRF:0
BRH:0
end_of_record
TN:
SF:/Users/dana/webstudy/tech_training/src/containers/index.js
FN:1,_interopRequireDefault
FNF:1
FNH:0
FNDA:0,_interopRequireDefault
DA:1,0
LF:1
LH:0
BRDA:1,0,0,0
BRDA:1,0,1,0
BRDA:1,1,0,0
BRDA:1,1,1,0
BRF:4
BRH:0
end_of_record
TN:
SF:/Users/dana/webstudy/tech_training/src/containers/Cities/Cities.view.js
FN:7,(anonymous_0)
FNF:1
FNH:1
FNDA:1,(anonymous_0)
DA:8,1
DA:28,1
LF:2
LH:2
BRF:0
BRH:0
end_of_record
TN:
SF:/Users/dana/webstudy/tech_training/src/containers/Cities/cities.container.js
FN:1,(anonymous_0)
FN:5,_interopRequireDefault
FN:7,mapStateToProps
FN:13,mapDispatchToProps
FN:15,changeRoute
FNF:5
FNH:0
FNDA:0,(anonymous_0)
FNDA:0,_interopRequireDefault
FNDA:0,mapStateToProps
FNDA:0,mapDispatchToProps
FNDA:0,changeRoute
DA:1,0
DA:2,0
DA:3,0
DA:4,0
DA:5,0
DA:8,0
DA:13,0
DA:15,0
DA:17,0
LF:9
LH:0
BRDA:1,0,0,0
BRDA:1,0,1,0
BRDA:1,1,0,0
BRDA:1,1,1,0
BRDA:5,2,0,0
BRDA:5,2,1,0
BRDA:5,3,0,0
BRDA:5,3,1,0
BRF:8
BRH:0
end_of_record
TN:
SF:/Users/dana/webstudy/tech_training/src/containers/City/City.view.js
FN:7,(anonymous_0)
FN:11,(anonymous_1)
FNF:2
FNH:2
FNDA:1,(anonymous_0)
FNDA:1,(anonymous_1)
DA:8,1
DA:12,1
DA:28,1
LF:3
LH:3
BRF:0
BRH:0
end_of_record
TN:
SF:/Users/dana/webstudy/tech_training/src/containers/City/city.container.js
FN:1,(anonymous_0)
FN:4,_interopRequireDefault
FN:6,mapStateToProps
FN:13,mapDispatchToProps
FN:15,fetchForecast
FNF:5
FNH:0
FNDA:0,(anonymous_0)
FNDA:0,_interopRequireDefault
FNDA:0,mapStateToProps
FNDA:0,mapDispatchToProps
FNDA:0,fetchForecast
DA:1,0
DA:2,0
DA:3,0
DA:4,0
DA:7,0
DA:13,0
DA:15,0
DA:17,0
LF:8
LH:0
BRDA:1,0,0,0
BRDA:1,0,1,0
BRDA:1,1,0,0
BRDA:1,1,1,0
BRDA:4,2,0,0
BRDA:4,2,1,0
BRDA:4,3,0,0
BRDA:4,3,1,0
BRF:8
BRH:0
end_of_record
TN:
SF:/Users/dana/webstudy/tech_training/src/redux/actions/cities.actions.js
FN:6,(anonymous_0)
FNF:1
FNH:1
FNDA:1,(anonymous_0)
DA:1,2
DA:5,2
DA:6,1
LF:3
LH:3
BRF:0
BRH:0
end_of_record
TN:
SF:/Users/dana/webstudy/tech_training/src/redux/actions/city.actions.js
FN:10,(anonymous_0)
FN:11,(anonymous_1)
FN:12,(anonymous_2)
FN:15,fetchForecast
FN:16,(anonymous_4)
FN:18,(anonymous_5)
FN:20,(anonymous_6)
FNF:7
FNH:5
FNDA:1,(anonymous_0)
FNDA:1,(anonymous_1)
FNDA:0,(anonymous_2)
FNDA:1,fetchForecast
FNDA:1,(anonymous_4)
FNDA:1,(anonymous_5)
FNDA:0,(anonymous_6)
DA:3,2
DA:9,2
DA:10,1
DA:11,1
DA:12,0
DA:16,1
DA:17,1
DA:18,1
DA:19,1
DA:20,0
LF:10
LH:8
BRF:0
BRH:0
end_of_record
TN:
SF:/Users/dana/webstudy/tech_training/src/redux/api/ForecastAPI.js
FN:8,(anonymous_0)
FN:10,(anonymous_1)
FN:11,(anonymous_2)
FNF:3
FNH:2
FNDA:1,(anonymous_0)
FNDA:1,(anonymous_1)
FNDA:0,(anonymous_2)
DA:1,2
DA:2,2
DA:3,2
DA:9,1
DA:10,1
DA:11,0
LF:6
LH:5
BRF:0
BRH:0
end_of_record
TN:
SF:/Users/dana/webstudy/tech_training/src/redux/reducers/cities.reducer.js
FN:5,reducer
FN:12,deleteListItem
FN:15,(anonymous_2)
FNF:3
FNH:3
FNDA:2,reducer
FNDA:1,deleteListItem
FNDA:2,(anonymous_2)
DA:6,2
DA:7,1
DA:8,1
DA:13,1
DA:15,2
LF:5
LH:5
BRDA:5,0,0,0
BRDA:6,1,0,1
BRDA:6,1,1,1
BRF:3
BRH:2
end_of_record
TN:
SF:/Users/dana/webstudy/tech_training/src/redux/reducers/city.reducer.js
FN:5,reducer
FN:12,fetchForecastSuccess
FNF:2
FNH:2
FNDA:2,reducer
FNDA:1,fetchForecastSuccess
DA:6,2
DA:7,1
DA:8,1
DA:14,1
DA:16,1
LF:5
LH:5
BRDA:5,0,0,0
BRDA:6,1,0,1
BRDA:6,1,1,1
BRF:3
BRH:2
end_of_record
TN:
SF:/Users/dana/webstudy/tech_training/src/redux/reducers/index.js
FN:4,_interopRequireDefault
FNF:1
FNH:0
FNDA:0,_interopRequireDefault
DA:1,0
DA:2,0
DA:3,0
DA:4,0
DA:6,0
DA:9,0
LF:6
LH:0
BRDA:4,0,0,0
BRDA:4,0,1,0
BRDA:4,1,0,0
BRDA:4,1,1,0
BRF:4
BRH:0
end_of_record
TN:
SF:/Users/dana/webstudy/tech_training/src/redux/reducers/utils.js
FN:1,assignNewState
FNF:1
FNH:1
FNDA:2,assignNewState
DA:2,2
LF:1
LH:1
BRF:0
BRH:0
end_of_record
TN:
SF:/Users/dana/webstudy/tech_training/src/redux/states/cities.state.js
FNF:0
FNH:0
DA:3,1
LF:1
LH:1
BRF:0
BRH:0
end_of_record
TN:
SF:/Users/dana/webstudy/tech_training/src/redux/states/city.state.js
FNF:0
FNH:0
DA:1,1
LF:1
LH:1
BRF:0
BRH:0
end_of_record
TN:
SF:/Users/dana/webstudy/tech_training/src/redux/store/configureStore.js
FN:6,_interopRequireDefault
FN:16,configureStore
FNF:2
FNH:0
FNDA:0,_interopRequireDefault
FNDA:0,configureStore
DA:1,0
DA:2,0
DA:3,0
DA:4,0
DA:5,0
DA:6,0
DA:9,0
DA:12,0
DA:14,0
DA:16,0
LF:10
LH:0
BRDA:6,0,0,0
BRDA:6,0,1,0
BRDA:6,1,0,0
BRDA:6,1,1,0
BRF:4
BRH:0
end_of_record
