TN:
SF:/Users/dana/webstudy/tech_training/src/index.js
FN:6,_interopRequireDefault
FNF:1
FNH:0
FNDA:0,_interopRequireDefault
DA:1,0
DA:2,0
DA:3,0
DA:4,0
DA:5,0
DA:6,0
DA:8,0
LF:7
LH:0
BRDA:6,0,0,0
BRDA:6,0,1,0
BRDA:6,1,0,0
BRDA:6,1,1,0
BRF:4
BRH:0
end_of_record
TN:
SF:/Users/dana/webstudy/tech_training/src/routes.js
FN:5,_interopRequireDefault
FN:5,router
FNF:2
FNH:0
FNDA:0,_interopRequireDefault
FNDA:0,router
DA:1,0
DA:5,0
DA:6,0
LF:3
LH:0
BRDA:5,0,0,0
BRDA:5,0,1,0
BRDA:5,1,0,0
BRDA:5,1,1,0
BRF:4
BRH:0
end_of_record
TN:
SF:/Users/dana/webstudy/tech_training/src/components/index.js
FN:1,_interopRequireDefault
FNF:1
FNH:0
FNDA:0,_interopRequireDefault
DA:1,0
LF:1
LH:0
BRDA:1,0,0,0
BRDA:1,0,1,0
BRDA:1,1,0,0
BRDA:1,1,1,0
BRF:4
BRH:0
end_of_record
TN:
SF:/Users/dana/webstudy/tech_training/src/components/List/List.js
FN:4,(anonymous_0)
FN:6,(anonymous_1)
FN:14,(anonymous_2)
FN:19,(anonymous_3)
FN:25,(anonymous_4)
FNF:5
FNH:5
FNDA:8,(anonymous_0)
FNDA:1,(anonymous_1)
FNDA:12,(anonymous_2)
FNDA:1,(anonymous_3)
FNDA:1,(anonymous_4)
DA:4,1
DA:6,8
DA:7,1
DA:8,1
DA:11,8
DA:15,12
DA:19,1
DA:25,1
DA:37,8
DA:44,1
LF:10
LH:10
BRDA:11,0,0,6
BRDA:11,0,1,2
BRF:2
BRH:2
end_of_record
TN:
SF:/Users/dana/webstudy/tech_training/src/components/PropertyTable/PropertyTable.js
FN:4,(anonymous_0)
FNF:1
FNH:1
FNDA:1,(anonymous_0)
DA:4,1
DA:5,1
DA:15,1
LF:3
LH:3
BRF:0
BRH:0
end_of_record
TN:
SF:/Users/dana/webstudy/tech_training/src/constants/cityList.js
FNF:0
FNH:0
LF:0
LH:0
BRF:0
BRH:0
end_of_record
TN:
SF:/Users/dana/webstudy/tech_training/src/containers/index.js
FN:1,_interopRequireDefault
FNF:1
FNH:0
FNDA:0,_interopRequireDefault
DA:1,0
LF:1
LH:0
BRDA:1,0,0,0
BRDA:1,0,1,0
BRDA:1,1,0,0
BRDA:1,1,1,0
BRF:4
BRH:0
end_of_record
TN:
SF:/Users/dana/webstudy/tech_training/src/containers/Cities/container.js
FN:1,(anonymous_0)
FN:6,_interopRequireDefault
FN:8,mapStateToProps
FN:14,mapDispatchToProps
FN:16,changeRoute
FNF:5
FNH:0
FNDA:0,(anonymous_0)
FNDA:0,_interopRequireDefault
FNDA:0,mapStateToProps
FNDA:0,mapDispatchToProps
FNDA:0,changeRoute
DA:1,0
DA:2,0
DA:3,0
DA:4,0
DA:5,0
DA:6,0
DA:9,0
DA:14,0
DA:16,0
DA:18,0
LF:10
LH:0
BRDA:1,0,0,0
BRDA:1,0,1,0
BRDA:1,1,0,0
BRDA:1,1,1,0
BRDA:6,2,0,0
BRDA:6,2,1,0
BRDA:6,3,0,0
BRDA:6,3,1,0
BRF:8
BRH:0
end_of_record
TN:
SF:/Users/dana/webstudy/tech_training/src/containers/Cities/index.js
FN:1,get
FN:1,_interopRequireDefault
FNF:2
FNH:0
FNDA:0,get
FNDA:0,_interopRequireDefault
DA:1,0
LF:1
LH:0
BRDA:1,0,0,0
BRDA:1,0,1,0
BRDA:1,1,0,0
BRDA:1,1,1,0
BRF:4
BRH:0
end_of_record
TN:
SF:/Users/dana/webstudy/tech_training/src/containers/Cities/view.js
FN:4,(anonymous_0)
FN:7,(anonymous_1)
FNF:2
FNH:2
FNDA:1,(anonymous_0)
FNDA:1,(anonymous_1)
DA:8,1
DA:28,1
DA:34,1
LF:3
LH:3
BRF:0
BRH:0
end_of_record
TN:
SF:/Users/dana/webstudy/tech_training/src/containers/City/container.js
FN:1,(anonymous_0)
FN:6,_interopRequireDefault
FN:8,mapStateToProps
FN:15,mapDispatchToProps
FN:17,fetchForecast
FNF:5
FNH:0
FNDA:0,(anonymous_0)
FNDA:0,_interopRequireDefault
FNDA:0,mapStateToProps
FNDA:0,mapDispatchToProps
FNDA:0,fetchForecast
DA:1,0
DA:2,0
DA:3,0
DA:4,0
DA:5,0
DA:6,0
DA:9,0
DA:15,0
DA:17,0
DA:19,0
LF:10
LH:0
BRDA:1,0,0,0
BRDA:1,0,1,0
BRDA:1,1,0,0
BRDA:1,1,1,0
BRDA:6,2,0,0
BRDA:6,2,1,0
BRDA:6,3,0,0
BRDA:6,3,1,0
BRF:8
BRH:0
end_of_record
TN:
SF:/Users/dana/webstudy/tech_training/src/containers/City/index.js
FN:1,get
FN:1,_interopRequireDefault
FNF:2
FNH:0
FNDA:0,get
FNDA:0,_interopRequireDefault
DA:1,0
LF:1
LH:0
BRDA:1,0,0,0
BRDA:1,0,1,0
BRDA:1,1,0,0
BRDA:1,1,1,0
BRF:4
BRH:0
end_of_record
TN:
SF:/Users/dana/webstudy/tech_training/src/containers/City/view.js
FN:4,(anonymous_0)
FN:7,(anonymous_1)
FN:11,(anonymous_2)
FNF:3
FNH:3
FNDA:1,(anonymous_0)
FNDA:1,(anonymous_1)
FNDA:1,(anonymous_2)
DA:8,1
DA:12,1
DA:28,1
DA:34,1
LF:4
LH:4
BRF:0
BRH:0
end_of_record
TN:
SF:/Users/dana/webstudy/tech_training/src/redux/actions/index.js
FN:1,(anonymous_0)
FN:1,get
FN:2,(anonymous_2)
FN:2,get
FNF:4
FNH:0
FNDA:0,(anonymous_0)
FNDA:0,get
FNDA:0,(anonymous_2)
FNDA:0,get
DA:1,0
DA:2,0
LF:2
LH:0
BRDA:1,0,0,0
BRDA:1,0,1,0
BRDA:1,1,0,0
BRDA:1,1,1,0
BRDA:2,2,0,0
BRDA:2,2,1,0
BRDA:2,3,0,0
BRDA:2,3,1,0
BRF:8
BRH:0
end_of_record
TN:
SF:/Users/dana/webstudy/tech_training/src/redux/actions/cities/actions.js
FN:4,(anonymous_0)
FNF:1
FNH:1
FNDA:1,(anonymous_0)
DA:3,1
DA:4,1
LF:2
LH:2
BRF:0
BRH:0
end_of_record
TN:
SF:/Users/dana/webstudy/tech_training/src/redux/actions/city/actions.js
FN:4,(anonymous_0)
FN:5,(anonymous_1)
FN:6,(anonymous_2)
FN:9,fetchForecast
FN:10,(anonymous_4)
FN:12,(anonymous_5)
FN:14,(anonymous_6)
FNF:7
FNH:7
FNDA:2,(anonymous_0)
FNDA:1,(anonymous_1)
FNDA:1,(anonymous_2)
FNDA:2,fetchForecast
FNDA:2,(anonymous_4)
FNDA:1,(anonymous_5)
FNDA:1,(anonymous_6)
DA:3,1
DA:4,2
DA:5,1
DA:6,1
DA:10,2
DA:11,2
DA:12,2
DA:13,1
DA:14,1
LF:9
LH:9
BRF:0
BRH:0
end_of_record
TN:
SF:/Users/dana/webstudy/tech_training/src/redux/api/ForecastAPI.js
FN:1,_classCallCheck
FN:5,(anonymous_1)
FN:5,ForecastApi
FN:6,fetchCityForecast
FN:8,(anonymous_4)
FN:9,(anonymous_5)
FNF:6
FNH:0
FNDA:0,_classCallCheck
FNDA:0,(anonymous_1)
FNDA:0,ForecastApi
FNDA:0,fetchCityForecast
FNDA:0,(anonymous_4)
FNDA:0,(anonymous_5)
DA:1,0
DA:2,0
DA:3,0
DA:5,0
DA:7,0
DA:8,0
DA:9,0
DA:10,0
LF:8
LH:0
BRDA:1,0,0,0
BRDA:1,0,1,0
BRF:2
BRH:0
end_of_record
TN:
SF:/Users/dana/webstudy/tech_training/src/redux/api/index.js
FN:1,get
FN:1,_interopRequireDefault
FNF:2
FNH:0
FNDA:0,get
FNDA:0,_interopRequireDefault
DA:1,0
LF:1
LH:0
BRDA:1,0,0,0
BRDA:1,0,1,0
BRDA:1,1,0,0
BRDA:1,1,1,0
BRF:4
BRH:0
end_of_record
TN:
SF:/Users/dana/webstudy/tech_training/src/redux/constants/cities.types.js
FNF:0
FNH:0
LF:0
LH:0
BRF:0
BRH:0
end_of_record
TN:
SF:/Users/dana/webstudy/tech_training/src/redux/constants/city.types.js
FNF:0
FNH:0
LF:0
LH:0
BRF:0
BRH:0
end_of_record
TN:
SF:/Users/dana/webstudy/tech_training/src/redux/constants/index.js
FNF:0
FNH:0
LF:0
LH:0
BRF:0
BRH:0
end_of_record
TN:
SF:/Users/dana/webstudy/tech_training/src/redux/reducers/index.js
FN:5,_interopRequireDefault
FNF:1
FNH:0
FNDA:0,_interopRequireDefault
DA:1,0
DA:2,0
DA:3,0
DA:4,0
DA:5,0
DA:7,0
DA:10,0
LF:7
LH:0
BRDA:5,0,0,0
BRDA:5,0,1,0
BRDA:5,1,0,0
BRDA:5,1,1,0
BRF:4
BRH:0
end_of_record
TN:
SF:/Users/dana/webstudy/tech_training/src/redux/reducers/utils.js
FN:1,assignNewState
FNF:1
FNH:1
FNDA:3,assignNewState
DA:2,3
LF:1
LH:1
BRF:0
BRH:0
end_of_record
TN:
SF:/Users/dana/webstudy/tech_training/src/redux/reducers/cities/reducer.js
FN:4,(anonymous_0)
FN:5,(anonymous_1)
FN:13,deleteListItem
FN:16,(anonymous_3)
FNF:4
FNH:4
FNDA:1,(anonymous_0)
FNDA:2,(anonymous_1)
FNDA:1,deleteListItem
FNDA:2,(anonymous_3)
DA:5,1
DA:6,2
DA:7,1
DA:8,1
DA:14,1
DA:16,2
LF:6
LH:6
BRDA:5,0,0,1
BRDA:5,1,0,1
BRDA:6,2,0,1
BRDA:6,2,1,1
BRF:4
BRH:4
end_of_record
TN:
SF:/Users/dana/webstudy/tech_training/src/redux/reducers/city/reducer.js
FN:4,(anonymous_0)
FN:5,(anonymous_1)
FN:14,fetchForecastSuccess
FN:31,fetchForecastFailure
FNF:4
FNH:4
FNDA:1,(anonymous_0)
FNDA:3,(anonymous_1)
FNDA:1,fetchForecastSuccess
FNDA:1,fetchForecastFailure
DA:5,1
DA:6,3
DA:7,1
DA:8,1
DA:9,1
DA:16,1
DA:18,1
DA:32,1
LF:8
LH:8
BRDA:5,0,0,1
BRDA:5,1,0,1
BRDA:6,2,0,1
BRDA:6,2,1,1
BRDA:6,2,2,1
BRF:5
BRH:5
end_of_record
TN:
SF:/Users/dana/webstudy/tech_training/src/redux/states/cities.state.js
FNF:0
FNH:0
LF:0
LH:0
BRF:0
BRH:0
end_of_record
TN:
SF:/Users/dana/webstudy/tech_training/src/redux/states/city.state.js
FNF:0
FNH:0
LF:0
LH:0
BRF:0
BRH:0
end_of_record
TN:
SF:/Users/dana/webstudy/tech_training/src/redux/states/index.js
FNF:0
FNH:0
LF:0
LH:0
BRF:0
BRH:0
end_of_record
TN:
SF:/Users/dana/webstudy/tech_training/src/redux/store/configureStore.js
FN:6,_interopRequireDefault
FN:16,configureStore
FNF:2
FNH:0
FNDA:0,_interopRequireDefault
FNDA:0,configureStore
DA:1,0
DA:2,0
DA:3,0
DA:4,0
DA:5,0
DA:6,0
DA:9,0
DA:12,0
DA:14,0
DA:16,0
LF:10
LH:0
BRDA:6,0,0,0
BRDA:6,0,1,0
BRDA:6,1,0,0
BRDA:6,1,1,0
BRF:4
BRH:0
end_of_record
